<?xml version="1.0" encoding="UTF-8"?>
<!-- Generated by org.testng.reporters.JUnitReportReporter -->
<testsuite hostname="HW1374" name="tv.hooq.web.scripts.HOOQ_Web_ActiveUser_AddingFavouriteTVODContent" tests="1" failures="0" timestamp="5 Jan 2018 05:42:47 GMT" time="238.587" errors="0">
  <testcase name="HOOQ_Web_ActiveUser_AddingFavouriteTVODContent" time="238.587" classname="tv.hooq.web.scripts.HOOQ_Web_ActiveUser_AddingFavouriteTVODContent"/>
</testsuite> <!-- tv.hooq.web.scripts.HOOQ_Web_ActiveUser_AddingFavouriteTVODContent -->
