<?xml version="1.0" encoding="UTF-8"?>
<!-- Generated by org.testng.reporters.JUnitReportReporter -->
<testsuite hostname="HW1374" name="tv.hooq.web.scripts.HOOQ_Web_ActiveUser_AutoPlayNextEpisode" tests="1" failures="0" timestamp="7 Dec 2017 11:02:24 GMT" time="216.394" errors="0">
  <testcase name="HOOQ_Web_ActiveUser_AutoPlayNextEpisode" time="216.394" classname="tv.hooq.web.scripts.HOOQ_Web_ActiveUser_AutoPlayNextEpisode"/>
</testsuite> <!-- tv.hooq.web.scripts.HOOQ_Web_ActiveUser_AutoPlayNextEpisode -->
