<?xml version="1.0" encoding="UTF-8"?>
<!-- Generated by org.testng.reporters.JUnitReportReporter -->
<testsuite hostname="HW1374" name="tv.hooq.web.scripts.apitest.HOOQ_Web_Login_Mobile_InvalidOTP" tests="1" failures="0" timestamp="8 Dec 2017 05:40:14 GMT" time="31.010" errors="0">
  <testcase name="HOOQ_Web_Login_Mobile_InvalidOTP" time="31.010" classname="tv.hooq.web.scripts.apitest.HOOQ_Web_Login_Mobile_InvalidOTP"/>
</testsuite> <!-- tv.hooq.web.scripts.apitest.HOOQ_Web_Login_Mobile_InvalidOTP -->
