<?xml version="1.0" encoding="UTF-8"?>
<!-- Generated by org.testng.reporters.JUnitReportReporter -->
<testsuite hostname="HW1374" name="tv.hooq.web.scripts.HOOQ_Web_ActiveUser_BrowseFilter" tests="1" failures="0" timestamp="1 Jan 2018 05:55:54 GMT" time="498.256" errors="0">
  <testcase name="HOOQ_Web_ActiveUser_BrowseFilter" time="498.256" classname="tv.hooq.web.scripts.HOOQ_Web_ActiveUser_BrowseFilter"/>
</testsuite> <!-- tv.hooq.web.scripts.HOOQ_Web_ActiveUser_BrowseFilter -->
