<?xml version="1.0" encoding="UTF-8"?>
<!-- Generated by org.testng.reporters.JUnitReportReporter -->
<testsuite hostname="HW1374" name="tv.hooq.web.scripts.HOOQ_Web_ActiveUser_ContentResumeTime" tests="1" failures="0" timestamp="8 Dec 2017 11:09:31 GMT" time="351.132" errors="0">
  <testcase name="HOOQ_Web_ActiveUser_ContentResumeTime" time="351.132" classname="tv.hooq.web.scripts.HOOQ_Web_ActiveUser_ContentResumeTime"/>
</testsuite> <!-- tv.hooq.web.scripts.HOOQ_Web_ActiveUser_ContentResumeTime -->
