<?xml version="1.0" encoding="UTF-8"?>
<!-- Generated by org.testng.reporters.JUnitReportReporter -->
<testsuite hostname="HW1374" name="tv.hooq.web.scripts.HOOQ_Web_ActiveUser_DefaultSubtitle" tests="1" failures="0" timestamp="7 Dec 2017 11:28:37 GMT" time="126.945" errors="0">
  <testcase name="HOOQ_Web_ActiveUser_DefaultSubtitle" time="126.945" classname="tv.hooq.web.scripts.HOOQ_Web_ActiveUser_DefaultSubtitle"/>
</testsuite> <!-- tv.hooq.web.scripts.HOOQ_Web_ActiveUser_DefaultSubtitle -->
