<?xml version="1.0" encoding="UTF-8"?>
<!-- Generated by org.testng.reporters.JUnitReportReporter -->
<testsuite hostname="HW1374" name="tv.hooq.web.scripts.HOOQ_Web_ActiveUser_VerifyTVShowContentDetailsPage" tests="1" failures="0" timestamp="14 Dec 2017 11:14:24 GMT" time="128.034" errors="0">
  <testcase name="HOOQ_Web_ActiveUser_VerifyTVShowContentDetailsPage" time="128.034" classname="tv.hooq.web.scripts.HOOQ_Web_ActiveUser_VerifyTVShowContentDetailsPage"/>
</testsuite> <!-- tv.hooq.web.scripts.HOOQ_Web_ActiveUser_VerifyTVShowContentDetailsPage -->
