<?xml version="1.0" encoding="UTF-8"?>
<!-- Generated by org.testng.reporters.JUnitReportReporter -->
<testsuite hostname="HW1374" name="tv.hooq.web.scripts.HOOQ_Web_SignUpWithInvalidOTP" tests="1" failures="0" timestamp="4 Dec 2017 10:17:51 GMT" time="130.379" errors="0">
  <testcase name="HOOQ_Web_SignUpWithInvalidOTP" time="130.379" classname="tv.hooq.web.scripts.HOOQ_Web_SignUpWithInvalidOTP"/>
</testsuite> <!-- tv.hooq.web.scripts.HOOQ_Web_SignUpWithInvalidOTP -->
