<?xml version="1.0" encoding="UTF-8"?>
<!-- Generated by org.testng.reporters.JUnitReportReporter -->
<testsuite hostname="HW1374" name="tv.hooq.web.scripts.HOOQ_Web_ActiveUser_BrowseFilter_ContentDetailsPage" tests="1" failures="0" timestamp="4 Jan 2018 06:33:47 GMT" time="144.718" errors="0">
  <testcase name="HOOQ_Web_ActiveUser_BrowseFilter_ContentDetailsPage" time="144.718" classname="tv.hooq.web.scripts.HOOQ_Web_ActiveUser_BrowseFilter_ContentDetailsPage"/>
</testsuite> <!-- tv.hooq.web.scripts.HOOQ_Web_ActiveUser_BrowseFilter_ContentDetailsPage -->
