<?xml version="1.0" encoding="UTF-8"?>
<!-- Generated by org.testng.reporters.JUnitReportReporter -->
<testsuite hostname="HW1374" name="tv.hooq.web.scripts.apitest.HOOQ_Web_Login_Mobile" tests="1" failures="0" timestamp="8 Dec 2017 05:17:41 GMT" time="37.594" errors="0">
  <testcase name="HOOQ_Web_Login_Mobile" time="37.594" classname="tv.hooq.web.scripts.apitest.HOOQ_Web_Login_Mobile"/>
</testsuite> <!-- tv.hooq.web.scripts.apitest.HOOQ_Web_Login_Mobile -->
