<?xml version="1.0" encoding="UTF-8"?>
<!-- Generated by org.testng.reporters.JUnitReportReporter -->
<testsuite hostname="HW1374" name="tv.hooq.web.scripts.HOOQ_Web_FreeUser_SettingsAppDisplayBahasaIndonesia" tests="1" failures="0" timestamp="22 Dec 2017 10:46:30 GMT" time="142.601" errors="1">
  <testcase name="HOOQ_Web_FreeUser_SettingsAppDisplayBahasaIndonesia" time="142.601" classname="tv.hooq.web.scripts.HOOQ_Web_FreeUser_SettingsAppDisplayBahasaIndonesia">
    <error type="com.google.api.client.googleapis.json.GoogleJsonResponseException" message="503 Service Unavailable
{
  &quot;code&quot; : 503,
  &quot;errors&quot; : [ {
    &quot;domain&quot; : &quot;global&quot;,
    &quot;message&quot; : &quot;The service is currently unavailable.&quot;,
    &quot;reason&quot; : &quot;backendError&quot;
  } ],
  &quot;message&quot; : &quot;The service is currently unavailable.&quot;,
  &quot;status&quot; : &quot;UNAVAILABLE&quot;
}">
      <![CDATA[com.google.api.client.googleapis.json.GoogleJsonResponseException: 503 Service Unavailable
{
  "code" : 503,
  "errors" : [ {
    "domain" : "global",
    "message" : "The service is currently unavailable.",
    "reason" : "backendError"
  } ],
  "message" : "The service is currently unavailable.",
  "status" : "UNAVAILABLE"
}
	at com.google.api.client.googleapis.json.GoogleJsonResponseException.from(GoogleJsonResponseException.java:146)
	at com.google.api.client.googleapis.services.json.AbstractGoogleJsonClientRequest.newExceptionOnError(AbstractGoogleJsonClientRequest.java:113)
	at com.google.api.client.googleapis.services.json.AbstractGoogleJsonClientRequest.newExceptionOnError(AbstractGoogleJsonClientRequest.java:40)
	at com.google.api.client.googleapis.services.AbstractGoogleClientRequest$1.interceptResponse(AbstractGoogleClientRequest.java:321)
	at com.google.api.client.http.HttpRequest.execute(HttpRequest.java:1065)
	at com.google.api.client.googleapis.services.AbstractGoogleClientRequest.executeUnparsed(AbstractGoogleClientRequest.java:419)
	at com.google.api.client.googleapis.services.AbstractGoogleClientRequest.executeUnparsed(AbstractGoogleClientRequest.java:352)
	at com.google.api.client.googleapis.services.AbstractGoogleClientRequest.execute(AbstractGoogleClientRequest.java:469)
	at com.web.automation.googledrive.GoogleDriveAPI.fnGetData(GoogleDriveAPI.java:594)
	at com.web.automation.googledrive.GoogleDriveAPI.updateContentData(GoogleDriveAPI.java:427)
	at com.web.automation.googledrive.ReportStatus.fnUpdateResultStatus(ReportStatus.java:59)
	at tv.hooq.web.scripts.HOOQ_Web_FreeUser_SettingsAppDisplayBahasaIndonesia.HOOQ_Web_FreeUser_SettingsAppDisplayBahasaIndonesia(HOOQ_Web_FreeUser_SettingsAppDisplayBahasaIndonesia.java:97)
	at sun.reflect.NativeMethodAccessorImpl.invoke0(Native Method)
	at sun.reflect.NativeMethodAccessorImpl.invoke(Unknown Source)
	at sun.reflect.DelegatingMethodAccessorImpl.invoke(Unknown Source)
	at java.lang.reflect.Method.invoke(Unknown Source)
	at org.testng.internal.MethodInvocationHelper.invokeMethod(MethodInvocationHelper.java:86)
	at org.testng.internal.Invoker.invokeMethod(Invoker.java:643)
	at org.testng.internal.Invoker.invokeTestMethod(Invoker.java:820)
	at org.testng.internal.Invoker.invokeTestMethods(Invoker.java:1128)
	at org.testng.internal.TestMethodWorker.invokeTestMethods(TestMethodWorker.java:129)
	at org.testng.internal.TestMethodWorker.run(TestMethodWorker.java:112)
	at org.testng.TestRunner.privateRun(TestRunner.java:782)
	at org.testng.TestRunner.run(TestRunner.java:632)
	at org.testng.SuiteRunner.runTest(SuiteRunner.java:366)
	at org.testng.SuiteRunner.runSequentially(SuiteRunner.java:361)
	at org.testng.SuiteRunner.privateRun(SuiteRunner.java:319)
	at org.testng.SuiteRunner.run(SuiteRunner.java:268)
	at org.testng.SuiteRunnerWorker.runSuite(SuiteRunnerWorker.java:52)
	at org.testng.SuiteRunnerWorker.run(SuiteRunnerWorker.java:86)
	at org.testng.TestNG.runSuitesSequentially(TestNG.java:1244)
	at org.testng.TestNG.runSuitesLocally(TestNG.java:1169)
	at org.testng.TestNG.run(TestNG.java:1064)
	at org.testng.remote.AbstractRemoteTestNG.run(AbstractRemoteTestNG.java:132)
	at org.testng.remote.RemoteTestNG.initAndRun(RemoteTestNG.java:230)
	at org.testng.remote.RemoteTestNG.main(RemoteTestNG.java:76)
]]>
    </error>
  </testcase> <!-- HOOQ_Web_FreeUser_SettingsAppDisplayBahasaIndonesia -->
</testsuite> <!-- tv.hooq.web.scripts.HOOQ_Web_FreeUser_SettingsAppDisplayBahasaIndonesia -->
