<?xml version="1.0" encoding="UTF-8"?>
<!-- Generated by org.testng.reporters.JUnitReportReporter -->
<testsuite hostname="HW1374" name="tv.hooq.web.scripts.HOOQ_Web_LapsedUser_Search" tests="1" failures="0" timestamp="12 Oct 2017 09:27:53 GMT" time="95.984" errors="0">
  <testcase name="HOOQ_Web_LapsedUser_Search" time="95.984" classname="tv.hooq.web.scripts.HOOQ_Web_LapsedUser_Search"/>
</testsuite> <!-- tv.hooq.web.scripts.HOOQ_Web_LapsedUser_Search -->
