<?xml version="1.0" encoding="UTF-8"?>
<!-- Generated by org.testng.reporters.JUnitReportReporter -->
<testsuite hostname="HW1374" name="tv.hooq.web.scripts.HOOQ_Web_ActiveUser_SettingsAppPlaybackQuality" tests="1" failures="0" timestamp="20 Dec 2017 06:37:33 GMT" time="279.795" errors="0">
  <testcase name="HOOQ_Web_ActiveUser_SettingsAppPlaybackQuality" time="279.795" classname="tv.hooq.web.scripts.HOOQ_Web_ActiveUser_SettingsAppPlaybackQuality"/>
</testsuite> <!-- tv.hooq.web.scripts.HOOQ_Web_ActiveUser_SettingsAppPlaybackQuality -->
