<?xml version="1.0" encoding="UTF-8"?>
<!-- Generated by org.testng.reporters.JUnitReportReporter -->
<testsuite hostname="HW1374" name="tv.hooq.web.scripts.HOOQ_Web_LapsedUser_RentPage_TicketsAndItsExpiry" tests="1" failures="0" timestamp="11 Jan 2018 11:23:47 GMT" time="130.171" errors="0">
  <testcase name="HOOQ_Web_LapsedUser_RentPage_TicketsAndItsExpiry" time="130.171" classname="tv.hooq.web.scripts.HOOQ_Web_LapsedUser_RentPage_TicketsAndItsExpiry"/>
</testsuite> <!-- tv.hooq.web.scripts.HOOQ_Web_LapsedUser_RentPage_TicketsAndItsExpiry -->
