<?xml version="1.0" encoding="UTF-8"?>
<!-- Generated by org.testng.reporters.JUnitReportReporter -->
<testsuite hostname="HW1374" name="tv.hooq.web.scripts.HOOQ_Web_ActiveUser_AddingFavouriteTVODContent_WatchNowSection" tests="1" failures="0" timestamp="12 Jan 2018 11:03:22 GMT" time="159.872" errors="0">
  <testcase name="HOOQ_Web_ActiveUser_AddingFavouriteTVODContent_WatchNowSection" time="159.872" classname="tv.hooq.web.scripts.HOOQ_Web_ActiveUser_AddingFavouriteTVODContent_WatchNowSection"/>
</testsuite> <!-- tv.hooq.web.scripts.HOOQ_Web_ActiveUser_AddingFavouriteTVODContent_WatchNowSection -->
