<?xml version="1.0" encoding="UTF-8"?>
<!-- Generated by org.testng.reporters.JUnitReportReporter -->
<testsuite hostname="HW1374" name="tv.hooq.web.scripts.HOOQ_Web_LapsedUser_SubscriptionVoucherCode" tests="1" failures="0" timestamp="13 Dec 2017 07:03:28 GMT" time="902.079" errors="0">
  <testcase name="HOOQ_Web_LapsedUser_SubscriptionVoucherCode" time="902.079" classname="tv.hooq.web.scripts.HOOQ_Web_LapsedUser_SubscriptionVoucherCode"/>
</testsuite> <!-- tv.hooq.web.scripts.HOOQ_Web_LapsedUser_SubscriptionVoucherCode -->
