<?xml version="1.0" encoding="UTF-8"?>
<!-- Generated by org.testng.reporters.JUnitReportReporter -->
<testsuite hostname="HW1374" name="tv.hooq.web.scripts.HOOQ_Web_ActiveUser_PlayTVShows" tests="1" failures="0" timestamp="22 Dec 2017 06:57:21 GMT" time="497.841" errors="0">
  <testcase name="HOOQ_Web_ActiveUser_PlayTVShows" time="497.841" classname="tv.hooq.web.scripts.HOOQ_Web_ActiveUser_PlayTVShows"/>
</testsuite> <!-- tv.hooq.web.scripts.HOOQ_Web_ActiveUser_PlayTVShows -->
