<?xml version="1.0" encoding="UTF-8"?>
<!-- Generated by org.testng.reporters.JUnitReportReporter -->
<testsuite hostname="HW1374" name="tv.hooq.web.scripts.HOOQ_Web_LapsedUser_Subscription_InvalidVoucherCode" tests="1" failures="0" timestamp="13 Dec 2017 07:57:46 GMT" time="421.492" errors="0">
  <testcase name="HOOQ_Web_LapsedUser_Subscription_InvalidVoucherCode" time="421.492" classname="tv.hooq.web.scripts.HOOQ_Web_LapsedUser_Subscription_InvalidVoucherCode"/>
</testsuite> <!-- tv.hooq.web.scripts.HOOQ_Web_LapsedUser_Subscription_InvalidVoucherCode -->
