<?xml version="1.0" encoding="UTF-8"?>
<!-- Generated by org.testng.reporters.JUnitReportReporter -->
<testsuite hostname="HW1374" name="tv.hooq.web.scripts.HOOQ_Web_ActiveUser_RentSection_TVODContentOnly" tests="1" failures="0" timestamp="18 Jan 2018 07:12:57 GMT" time="639.981" errors="0">
  <testcase name="HOOQ_Web_ActiveUser_RentSection_TVODContentOnly" time="639.981" classname="tv.hooq.web.scripts.HOOQ_Web_ActiveUser_RentSection_TVODContentOnly"/>
</testsuite> <!-- tv.hooq.web.scripts.HOOQ_Web_ActiveUser_RentSection_TVODContentOnly -->
