<?xml version="1.0" encoding="UTF-8"?>
<!-- Generated by org.testng.reporters.JUnitReportReporter -->
<testsuite hostname="HW1374" name="tv.hooq.web.scripts.apitest.HOOQ_Web_Rent_RentAMovie" tests="1" failures="0" timestamp="18 Jan 2018 10:47:41 GMT" time="306.531" errors="0">
  <testcase name="HOOQ_Web_Rent_RentAMovie" time="306.531" classname="tv.hooq.web.scripts.apitest.HOOQ_Web_Rent_RentAMovie"/>
</testsuite> <!-- tv.hooq.web.scripts.apitest.HOOQ_Web_Rent_RentAMovie -->
