<?xml version="1.0" encoding="UTF-8"?>
<!-- Generated by org.testng.reporters.JUnitReportReporter -->
<testsuite hostname="HW1374" name="tv.hooq.web.scripts.HOOQ_Web_ActiveUser_YouWereWatching_Latest3Titles" tests="1" failures="0" timestamp="29 Jan 2018 10:19:59 GMT" time="511.640" errors="0">
  <testcase name="HOOQ_Web_ActiveUser_YouWereWatching_Latest3Titles" time="511.640" classname="tv.hooq.web.scripts.HOOQ_Web_ActiveUser_YouWereWatching_Latest3Titles"/>
</testsuite> <!-- tv.hooq.web.scripts.HOOQ_Web_ActiveUser_YouWereWatching_Latest3Titles -->
