<?xml version="1.0" encoding="UTF-8"?>
<!-- Generated by org.testng.reporters.JUnitReportReporter -->
<testsuite hostname="HW1374" name="tv.hooq.web.scripts.HOOQ_Web_ActiveUser_BrowseFilter_SelectingMultipleFilters" tests="1" failures="0" timestamp="27 Dec 2017 09:30:48 GMT" time="262.609" errors="0">
  <testcase name="HOOQ_Web_ActiveUser_BrowseFilter_SelectingMultipleFilters" time="262.609" classname="tv.hooq.web.scripts.HOOQ_Web_ActiveUser_BrowseFilter_SelectingMultipleFilters"/>
</testsuite> <!-- tv.hooq.web.scripts.HOOQ_Web_ActiveUser_BrowseFilter_SelectingMultipleFilters -->
