<?xml version="1.0" encoding="UTF-8"?>
<!-- Generated by org.testng.reporters.JUnitReportReporter -->
<testsuite hostname="HW1374" name="tv.hooq.web.scripts.HOOQ_Web_ActiveUser_PlayPrevEpisodeFromBeginning" tests="1" failures="0" timestamp="8 Dec 2017 12:28:05 GMT" time="275.428" errors="0">
  <testcase name="HOOQ_Web_ActiveUser_PlayPrevEpisodeFromBeginning" time="275.428" classname="tv.hooq.web.scripts.HOOQ_Web_ActiveUser_PlayPrevEpisodeFromBeginning"/>
</testsuite> <!-- tv.hooq.web.scripts.HOOQ_Web_ActiveUser_PlayPrevEpisodeFromBeginning -->
