<?xml version="1.0" encoding="UTF-8"?>
<!-- Generated by org.testng.reporters.JUnitReportReporter -->
<testsuite hostname="HW1374" name="tv.hooq.web.scripts.HOOQ_Web_FreeUser_AddingWatchLaterTVODContent" tests="1" failures="0" timestamp="22 Dec 2017 11:51:45 GMT" time="187.465" errors="0">
  <testcase name="HOOQ_Web_FreeUser_AddingWatchLaterTVODContent" time="187.465" classname="tv.hooq.web.scripts.HOOQ_Web_FreeUser_AddingWatchLaterTVODContent"/>
</testsuite> <!-- tv.hooq.web.scripts.HOOQ_Web_FreeUser_AddingWatchLaterTVODContent -->
