<?xml version="1.0" encoding="UTF-8"?>
<!-- Generated by org.testng.reporters.JUnitReportReporter -->
<testsuite hostname="CTLINDT-0708" name="com.jetPrev.scripts_Components.JetPrev_Smoke_Component_A_Dataprovider" tests="1" failures="1" timestamp="3 Sep 2018 05:55:45 GMT" time="37.142" errors="0">
  <testcase name="JetPrev_Component_BreadcrumPresentation" time="37.142" classname="com.jetPrev.scripts_Components.JetPrev_Smoke_Component_A_Dataprovider">
    <failure type="java.lang.AssertionError" message="Test Case Failed because - Failed to complete Jet Prev Web Login">
      <![CDATA[java.lang.AssertionError: Test Case Failed because - Failed to complete Jet Prev Web Login
	at org.testng.Assert.fail(Assert.java:94)
	at com.jetPrev.scripts_Components.JetPrev_Smoke_Component_A_Dataprovider.TestCaseStatus(JetPrev_Smoke_Component_A_Dataprovider.java:41)
	at com.jetPrev.scripts_Components.JetPrev_Smoke_Component_A_Dataprovider.JetPrev_Component_BreadcrumPresentation(JetPrev_Smoke_Component_A_Dataprovider.java:1175)
	at sun.reflect.NativeMethodAccessorImpl.invoke0(Native Method)
	at sun.reflect.NativeMethodAccessorImpl.invoke(Unknown Source)
	at sun.reflect.DelegatingMethodAccessorImpl.invoke(Unknown Source)
	at java.lang.reflect.Method.invoke(Unknown Source)
	at org.testng.internal.MethodInvocationHelper.invokeMethod(MethodInvocationHelper.java:86)
	at org.testng.internal.Invoker.invokeMethod(Invoker.java:643)
	at org.testng.internal.Invoker.invokeTestMethod(Invoker.java:820)
	at org.testng.internal.Invoker.invokeTestMethods(Invoker.java:1128)
	at org.testng.internal.TestMethodWorker.invokeTestMethods(TestMethodWorker.java:129)
	at org.testng.internal.TestMethodWorker.run(TestMethodWorker.java:112)
	at org.testng.TestRunner.privateRun(TestRunner.java:782)
	at org.testng.TestRunner.run(TestRunner.java:632)
	at org.testng.SuiteRunner.runTest(SuiteRunner.java:366)
	at org.testng.SuiteRunner.runSequentially(SuiteRunner.java:361)
	at org.testng.SuiteRunner.privateRun(SuiteRunner.java:319)
	at org.testng.SuiteRunner.run(SuiteRunner.java:268)
	at org.testng.SuiteRunnerWorker.runSuite(SuiteRunnerWorker.java:52)
	at org.testng.SuiteRunnerWorker.run(SuiteRunnerWorker.java:86)
	at org.testng.TestNG.runSuitesSequentially(TestNG.java:1244)
	at org.testng.TestNG.runSuitesLocally(TestNG.java:1169)
	at org.testng.TestNG.run(TestNG.java:1064)
	at org.testng.remote.AbstractRemoteTestNG.run(AbstractRemoteTestNG.java:114)
	at org.testng.remote.RemoteTestNG.initAndRun(RemoteTestNG.java:251)
	at org.testng.remote.RemoteTestNG.main(RemoteTestNG.java:77)
]]>
    </failure>
  </testcase> <!-- JetPrev_Component_BreadcrumPresentation -->
</testsuite> <!-- com.jetPrev.scripts_Components.JetPrev_Smoke_Component_A_Dataprovider -->
