<?xml version="1.0" encoding="UTF-8"?>
<!-- Generated by org.testng.reporters.JUnitReportReporter -->
<testsuite hostname="HW1374" name="tv.hooq.web.scripts.HOOQ_Web_ActiveUser_TVODContent_History" tests="1" failures="0" timestamp="19 Jan 2018 10:55:14 GMT" time="909.713" errors="0">
  <testcase name="HOOQ_Web_ActiveUser_TVODContent_History" time="909.713" classname="tv.hooq.web.scripts.HOOQ_Web_ActiveUser_TVODContent_History"/>
</testsuite> <!-- tv.hooq.web.scripts.HOOQ_Web_ActiveUser_TVODContent_History -->
