<?xml version="1.0" encoding="UTF-8"?>
<!-- Generated by org.testng.reporters.JUnitReportReporter -->
<testsuite hostname="HW1374" name="tv.hooq.web.scripts.HOOQ_Web_FreeUser_PlayFavouriteTVODContent" tests="1" failures="0" timestamp="22 Dec 2017 11:51:45 GMT" time="191.436" errors="0">
  <testcase name="HOOQ_Web_FreeUser_PlayFavouriteTVODContent" time="191.436" classname="tv.hooq.web.scripts.HOOQ_Web_FreeUser_PlayFavouriteTVODContent"/>
</testsuite> <!-- tv.hooq.web.scripts.HOOQ_Web_FreeUser_PlayFavouriteTVODContent -->
