<?xml version="1.0" encoding="UTF-8"?>
<!-- Generated by org.testng.reporters.JUnitReportReporter -->
<testsuite hostname="HW1374" name="tv.hooq.web.scripts.HOOQ_Web_ActiveUser_SettingsAppDisplayEnglish" tests="1" failures="0" timestamp="20 Dec 2017 07:59:37 GMT" time="151.047" errors="0">
  <testcase name="HOOQ_Web_ActiveUser_SettingsAppDisplayEnglish" time="151.047" classname="tv.hooq.web.scripts.HOOQ_Web_ActiveUser_SettingsAppDisplayEnglish"/>
</testsuite> <!-- tv.hooq.web.scripts.HOOQ_Web_ActiveUser_SettingsAppDisplayEnglish -->
