<?xml version="1.0" encoding="UTF-8"?>
<!-- Generated by org.testng.reporters.JUnitReportReporter -->
<testsuite hostname="HW1374" name="tv.hooq.web.scripts.HOOQ_Web_FreeUser_SettingsAppDisplayEnglish" tests="1" failures="0" timestamp="22 Dec 2017 10:46:30 GMT" time="141.776" errors="0">
  <testcase name="HOOQ_Web_FreeUser_SettingsAppDisplayEnglish" time="141.776" classname="tv.hooq.web.scripts.HOOQ_Web_FreeUser_SettingsAppDisplayEnglish"/>
</testsuite> <!-- tv.hooq.web.scripts.HOOQ_Web_FreeUser_SettingsAppDisplayEnglish -->
