<?xml version="1.0" encoding="UTF-8"?>
<!-- Generated by org.testng.reporters.JUnitReportReporter -->
<testsuite hostname="CTLINDT-1185" name="tv.hooq.web.scripts.HOOQ_Web_FreeUser_AddingFavouriteMovies" tests="1" failures="0" timestamp="30 Jan 2018 07:35:41 GMT" time="246.844" errors="0">
  <testcase name="HOOQ_Web_FreeUser_AddingFavouriteMovies" time="246.844" classname="tv.hooq.web.scripts.HOOQ_Web_FreeUser_AddingFavouriteMovies"/>
</testsuite> <!-- tv.hooq.web.scripts.HOOQ_Web_FreeUser_AddingFavouriteMovies -->
