<?xml version="1.0" encoding="UTF-8"?>
<!-- Generated by org.testng.reporters.JUnitReportReporter -->
<testsuite hostname="HW1374" name="tv.hooq.web.scripts.HOOQ_Web_ActiveUser_BrowseFilter_Type_Reset" tests="1" failures="0" timestamp="3 Jan 2018 12:32:51 GMT" time="419.162" errors="0">
  <testcase name="HOOQ_Web_ActiveUser_BrowseFilter_Type_Reset" time="419.162" classname="tv.hooq.web.scripts.HOOQ_Web_ActiveUser_BrowseFilter_Type_Reset"/>
</testsuite> <!-- tv.hooq.web.scripts.HOOQ_Web_ActiveUser_BrowseFilter_Type_Reset -->
