<?xml version="1.0" encoding="UTF-8"?>
<!-- Generated by org.testng.reporters.JUnitReportReporter -->
<testsuite hostname="HW1374" name="tv.hooq.web.scripts.HOOQ_Web_Verify_SignUp_PrivacyPolicy" tests="1" failures="0" timestamp="12 Dec 2017 10:31:04 GMT" time="77.492" errors="0">
  <testcase name="HOOQ_Web_Verify_SignUp_PrivacyPolicy" time="77.492" classname="tv.hooq.web.scripts.HOOQ_Web_Verify_SignUp_PrivacyPolicy"/>
</testsuite> <!-- tv.hooq.web.scripts.HOOQ_Web_Verify_SignUp_PrivacyPolicy -->
