<?xml version="1.0" encoding="UTF-8"?>
<!-- Generated by org.testng.reporters.JUnitReportReporter -->
<testsuite hostname="HW1374" name="tv.hooq.web.scripts.HOOQ_Web_FreeUser_PlayWatchLaterTVODContent" tests="1" failures="0" timestamp="22 Dec 2017 11:51:45 GMT" time="190.432" errors="0">
  <testcase name="HOOQ_Web_FreeUser_PlayWatchLaterTVODContent" time="190.432" classname="tv.hooq.web.scripts.HOOQ_Web_FreeUser_PlayWatchLaterTVODContent"/>
</testsuite> <!-- tv.hooq.web.scripts.HOOQ_Web_FreeUser_PlayWatchLaterTVODContent -->
