<?xml version="1.0" encoding="UTF-8"?>
<!-- Generated by org.testng.reporters.JUnitReportReporter -->
<testsuite hostname="HW1374" name="tv.hooq.web.scripts.HOOQ_Web_ActiveUser_PlayFavouriteTVShows" tests="1" failures="0" timestamp="22 Dec 2017 07:44:25 GMT" time="1198.534" errors="0">
  <testcase name="HOOQ_Web_ActiveUser_PlayFavouriteTVShows" time="1198.534" classname="tv.hooq.web.scripts.HOOQ_Web_ActiveUser_PlayFavouriteTVShows"/>
</testsuite> <!-- tv.hooq.web.scripts.HOOQ_Web_ActiveUser_PlayFavouriteTVShows -->
