<?xml version="1.0" encoding="UTF-8"?>
<!-- Generated by org.testng.reporters.JUnitReportReporter -->
<testsuite hostname="HW1374" name="tv.hooq.web.scripts.HOOQ_Web_ActiveUser_YouWereWatching" tests="1" failures="0" timestamp="5 Dec 2017 10:01:50 GMT" time="393.803" errors="0">
  <testcase name="HOOQ_Web_ActiveUser_YouWereWatching" time="393.803" classname="tv.hooq.web.scripts.HOOQ_Web_ActiveUser_YouWereWatching"/>
</testsuite> <!-- tv.hooq.web.scripts.HOOQ_Web_ActiveUser_YouWereWatching -->
