<?xml version="1.0" encoding="UTF-8"?>
<!-- Generated by org.testng.reporters.JUnitReportReporter -->
<testsuite hostname="HW1374" name="tv.hooq.web.scripts.HOOQ_Web_ActiveUser_BrowseFilterType" tests="1" failures="0" timestamp="18 Dec 2017 11:59:15 GMT" time="140.386" errors="0">
  <testcase name="HOOQ_Web_ActiveUser_BrowseFilterType" time="140.386" classname="tv.hooq.web.scripts.HOOQ_Web_ActiveUser_BrowseFilterType"/>
</testsuite> <!-- tv.hooq.web.scripts.HOOQ_Web_ActiveUser_BrowseFilterType -->
