<?xml version="1.0" encoding="UTF-8"?>
<!-- Generated by org.testng.reporters.JUnitReportReporter -->
<testsuite hostname="HW1374" name="tv.hooq.web.scripts.HOOQ_Web_ActiveUser_PurchaseTVODContentWithTicket" tests="1" failures="0" timestamp="17 Jan 2018 10:26:40 GMT" time="198.338" errors="0">
  <testcase name="HOOQ_Web_ActiveUser_PurchaseTVODContentWithTicket" time="198.338" classname="tv.hooq.web.scripts.HOOQ_Web_ActiveUser_PurchaseTVODContentWithTicket"/>
</testsuite> <!-- tv.hooq.web.scripts.HOOQ_Web_ActiveUser_PurchaseTVODContentWithTicket -->
