<?xml version="1.0" encoding="UTF-8"?>
<!-- Generated by org.testng.reporters.JUnitReportReporter -->
<testsuite hostname="HW1374" name="tv.hooq.web.scripts.HOOQ_Web_ActiveUser_MeSection" tests="1" failures="0" timestamp="20 Dec 2017 09:52:51 GMT" time="253.301" errors="0">
  <testcase name="HOOQ_Web_ActiveUser_MeSection" time="253.301" classname="tv.hooq.web.scripts.HOOQ_Web_ActiveUser_MeSection"/>
</testsuite> <!-- tv.hooq.web.scripts.HOOQ_Web_ActiveUser_MeSection -->
