<?xml version="1.0" encoding="UTF-8"?>
<!-- Generated by org.testng.reporters.JUnitReportReporter -->
<testsuite hostname="HW1374" name="tv.hooq.web.scripts.sanity.HOOQ_Web_ActiveUser_PlayHistoryMovies" tests="1" failures="0" timestamp="29 Dec 2017 14:12:50 GMT" time="484.006" errors="0">
  <testcase name="HOOQ_Web_ActiveUser_PlayHistoryMovies" time="484.006" classname="tv.hooq.web.scripts.sanity.HOOQ_Web_ActiveUser_PlayHistoryMovies"/>
</testsuite> <!-- tv.hooq.web.scripts.sanity.HOOQ_Web_ActiveUser_PlayHistoryMovies -->
