<?xml version="1.0" encoding="UTF-8"?>
<!-- Generated by org.testng.reporters.JUnitReportReporter -->
<testsuite hostname="HW1374" name="tv.hooq.web.scripts.HOOQ_Web_ActiveUser_BrowseFilter_SelectingMultipleFilters_Subtitles" tests="1" failures="0" timestamp="27 Dec 2017 11:16:24 GMT" time="185.494" errors="0">
  <testcase name="HOOQ_Web_ActiveUser_BrowseFilter_SelectingMultipleFilters_Subtitles" time="185.494" classname="tv.hooq.web.scripts.HOOQ_Web_ActiveUser_BrowseFilter_SelectingMultipleFilters_Subtitles"/>
</testsuite> <!-- tv.hooq.web.scripts.HOOQ_Web_ActiveUser_BrowseFilter_SelectingMultipleFilters_Subtitles -->
