<?xml version="1.0" encoding="UTF-8"?>
<!-- Generated by org.testng.reporters.JUnitReportReporter -->
<testsuite hostname="HW1374" name="tv.hooq.web.scripts.HOOQ_Web_ActiveUser_SettingsAppSubTitle" tests="1" failures="0" timestamp="20 Dec 2017 06:37:33 GMT" time="1550.604" errors="0">
  <testcase name="HOOQ_Web_ActiveUser_SettingsAppSubTitle" time="1550.604" classname="tv.hooq.web.scripts.HOOQ_Web_ActiveUser_SettingsAppSubTitle"/>
</testsuite> <!-- tv.hooq.web.scripts.HOOQ_Web_ActiveUser_SettingsAppSubTitle -->
