<?xml version="1.0" encoding="UTF-8"?>
<!-- Generated by org.testng.reporters.JUnitReportReporter -->
<testsuite hostname="HW1374" name="tv.hooq.web.scripts.HOOQ_Web_ActiveUser_PlayTVODContent" tests="1" failures="0" timestamp="20 Dec 2017 13:16:37 GMT" time="120.734" errors="0">
  <testcase name="HOOQ_Web_ActiveUser_PlayTVODContent" time="120.734" classname="tv.hooq.web.scripts.HOOQ_Web_ActiveUser_PlayTVODContent"/>
</testsuite> <!-- tv.hooq.web.scripts.HOOQ_Web_ActiveUser_PlayTVODContent -->
