<?xml version="1.0" encoding="UTF-8"?>
<!-- Generated by org.testng.reporters.JUnitReportReporter -->
<testsuite hostname="HW1374" name="tv.hooq.web.scripts.HOOQ_Web_ActiveUser_ManageSubscription" tests="1" failures="0" timestamp="18 Dec 2017 06:30:06 GMT" time="142.448" errors="0">
  <testcase name="HOOQ_Web_ActiveUser_ManageSubscription" time="142.448" classname="tv.hooq.web.scripts.HOOQ_Web_ActiveUser_ManageSubscription"/>
</testsuite> <!-- tv.hooq.web.scripts.HOOQ_Web_ActiveUser_ManageSubscription -->
