<?xml version="1.0" encoding="UTF-8"?>
<!-- Generated by org.testng.reporters.JUnitReportReporter -->
<testsuite hostname="HW1374" name="tv.hooq.web.scripts.sanity.HOOQ_Web_ActiveUser_SettingsAppPlaybackQuality" tests="1" failures="0" timestamp="29 Dec 2017 14:12:50 GMT" time="307.678" errors="0">
  <testcase name="HOOQ_Web_ActiveUser_SettingsAppPlaybackQuality" time="307.678" classname="tv.hooq.web.scripts.sanity.HOOQ_Web_ActiveUser_SettingsAppPlaybackQuality"/>
</testsuite> <!-- tv.hooq.web.scripts.sanity.HOOQ_Web_ActiveUser_SettingsAppPlaybackQuality -->
