<?xml version="1.0" encoding="UTF-8"?>
<!-- Generated by org.testng.reporters.JUnitReportReporter -->
<testsuite hostname="HW1374" name="tv.hooq.web.scripts.HOOQ_Web_FreeUser_SettingsAppDisplayThai" tests="1" failures="0" timestamp="29 Jan 2018 07:17:28 GMT" time="123.194" errors="0">
  <testcase name="HOOQ_Web_FreeUser_SettingsAppDisplayThai" time="123.194" classname="tv.hooq.web.scripts.HOOQ_Web_FreeUser_SettingsAppDisplayThai"/>
</testsuite> <!-- tv.hooq.web.scripts.HOOQ_Web_FreeUser_SettingsAppDisplayThai -->
