<?xml version="1.0" encoding="UTF-8"?>
<!-- Generated by org.testng.reporters.JUnitReportReporter -->
<testsuite hostname="HW1374" name="tv.hooq.web.scripts.HOOQ_Web_Verify_SignUp_Mobile_Incomplete_With_Special_Char" tests="1" failures="0" timestamp="28 Jan 2018 14:13:00 GMT" time="55.714" errors="0">
  <testcase name="HOOQ_Web_Verify_SignUp_Mobile_Incomplete_With_Special_Char" time="55.714" classname="tv.hooq.web.scripts.HOOQ_Web_Verify_SignUp_Mobile_Incomplete_With_Special_Char"/>
</testsuite> <!-- tv.hooq.web.scripts.HOOQ_Web_Verify_SignUp_Mobile_Incomplete_With_Special_Char -->
