<?xml version="1.0" encoding="UTF-8"?>
<!-- Generated by org.testng.reporters.JUnitReportReporter -->
<testsuite hostname="HW1374" name="tv.hooq.web.scripts.HOOQ_Web_FreeUser_ContinueWatchingSection" tests="1" failures="0" timestamp="29 Jan 2018 04:12:02 GMT" time="65.951" errors="0">
  <testcase name="HOOQ_Web_FreeUser_ContinueWatchingSection" time="65.951" classname="tv.hooq.web.scripts.HOOQ_Web_FreeUser_ContinueWatchingSection"/>
</testsuite> <!-- tv.hooq.web.scripts.HOOQ_Web_FreeUser_ContinueWatchingSection -->
