<?xml version="1.0" encoding="UTF-8"?>
<!-- Generated by org.testng.reporters.JUnitReportReporter -->
<testsuite hostname="HW1374" name="tv.hooq.web.scripts.HOOQ_Web_FreeUser_SupportSection" tests="1" failures="0" timestamp="29 Jan 2018 07:57:34 GMT" time="219.027" errors="0">
  <testcase name="HOOQ_Web_FreeUser_SupportSection" time="219.027" classname="tv.hooq.web.scripts.HOOQ_Web_FreeUser_SupportSection"/>
</testsuite> <!-- tv.hooq.web.scripts.HOOQ_Web_FreeUser_SupportSection -->
