<?xml version="1.0" encoding="UTF-8"?>
<!-- Generated by org.testng.reporters.JUnitReportReporter -->
<testsuite hostname="HW1374" name="tv.hooq.web.scripts.HOOQ_Web_FreeUser_SettingsAppAudioTrack" tests="1" failures="0" timestamp="29 Jan 2018 07:08:06 GMT" time="1129.044" errors="0">
  <testcase name="HOOQ_Web_FreeUser_SettingsAppAudioTrack" time="1129.044" classname="tv.hooq.web.scripts.HOOQ_Web_FreeUser_SettingsAppAudioTrack"/>
</testsuite> <!-- tv.hooq.web.scripts.HOOQ_Web_FreeUser_SettingsAppAudioTrack -->
