<?xml version="1.0" encoding="UTF-8"?>
<!-- Generated by org.testng.reporters.JUnitReportReporter -->
<testsuite hostname="HW1374" name="tv.hooq.web.scripts.HOOQ_Web_Verify_Login_Mobile_Non_Existing_Mobile_User" tests="1" failures="0" timestamp="28 Jan 2018 13:08:22 GMT" time="59.544" errors="0">
  <testcase name="HOOQ_Web_Verify_Login_Mobile_Non_Existing_Mobile_User" time="59.544" classname="tv.hooq.web.scripts.HOOQ_Web_Verify_Login_Mobile_Non_Existing_Mobile_User"/>
</testsuite> <!-- tv.hooq.web.scripts.HOOQ_Web_Verify_Login_Mobile_Non_Existing_Mobile_User -->
