<?xml version="1.0" encoding="UTF-8"?>
<!-- Generated by org.testng.reporters.JUnitReportReporter -->
<testsuite hostname="HW1374" name="tv.hooq.web.scripts.HOOQ_Web_LapsedUser_RentSection" tests="1" failures="0" timestamp="28 Jan 2018 10:49:27 GMT" time="83.228" errors="0">
  <testcase name="HOOQ_Web_LapsedUser_RentSection" time="83.228" classname="tv.hooq.web.scripts.HOOQ_Web_LapsedUser_RentSection"/>
</testsuite> <!-- tv.hooq.web.scripts.HOOQ_Web_LapsedUser_RentSection -->
