<?xml version="1.0" encoding="UTF-8"?>
<!-- Generated by org.testng.reporters.JUnitReportReporter -->
<testsuite hostname="HW1374" name="tv.hooq.web.scripts.HOOQ_Web_FreeUser_MeSection" tests="1" failures="0" timestamp="29 Jan 2018 04:55:05 GMT" time="180.587" errors="0">
  <testcase name="HOOQ_Web_FreeUser_MeSection" time="180.587" classname="tv.hooq.web.scripts.HOOQ_Web_FreeUser_MeSection"/>
</testsuite> <!-- tv.hooq.web.scripts.HOOQ_Web_FreeUser_MeSection -->
