<?xml version="1.0" encoding="UTF-8"?>
<!-- Generated by org.testng.reporters.JUnitReportReporter -->
<testsuite hostname="HW1374" name="tv.hooq.web.scripts.HOOQ_Web_ActiveUser_SettingsAppDisplayThai" tests="1" failures="0" timestamp="29 Jan 2018 01:00:55 GMT" time="128.949" errors="0">
  <testcase name="HOOQ_Web_ActiveUser_SettingsAppDisplayThai" time="128.949" classname="tv.hooq.web.scripts.HOOQ_Web_ActiveUser_SettingsAppDisplayThai"/>
</testsuite> <!-- tv.hooq.web.scripts.HOOQ_Web_ActiveUser_SettingsAppDisplayThai -->
