<?xml version="1.0" encoding="UTF-8"?>
<!-- Generated by org.testng.reporters.JUnitReportReporter -->
<testsuite hostname="HW1374" name="tv.hooq.web.scripts.HOOQ_Web_LapsedUser_ManageSubscription" tests="1" failures="0" timestamp="28 Jan 2018 09:13:19 GMT" time="97.079" errors="0">
  <testcase name="HOOQ_Web_LapsedUser_ManageSubscription" time="97.079" classname="tv.hooq.web.scripts.HOOQ_Web_LapsedUser_ManageSubscription"/>
</testsuite> <!-- tv.hooq.web.scripts.HOOQ_Web_LapsedUser_ManageSubscription -->
