<?xml version="1.0" encoding="UTF-8"?>
<!-- Generated by org.testng.reporters.JUnitReportReporter -->
<testsuite hostname="HW1374" name="tv.hooq.web.scripts.HOOQ_Web_LapsedUser_AddingWatchLaterPremiumContent" tests="1" failures="0" timestamp="29 Jan 2018 08:50:22 GMT" time="219.484" errors="0">
  <testcase name="HOOQ_Web_LapsedUser_AddingWatchLaterPremiumContent" time="219.484" classname="tv.hooq.web.scripts.HOOQ_Web_LapsedUser_AddingWatchLaterPremiumContent"/>
</testsuite> <!-- tv.hooq.web.scripts.HOOQ_Web_LapsedUser_AddingWatchLaterPremiumContent -->
