<?xml version="1.0" encoding="UTF-8"?>
<!-- Generated by org.testng.reporters.JUnitReportReporter -->
<testsuite hostname="HW1374" name="tv.hooq.web.scripts.HOOQ_Web_LapsedUser_AddingFavouriteTVShows" tests="1" failures="0" timestamp="29 Jan 2018 08:40:49 GMT" time="191.982" errors="0">
  <testcase name="HOOQ_Web_LapsedUser_AddingFavouriteTVShows" time="191.982" classname="tv.hooq.web.scripts.HOOQ_Web_LapsedUser_AddingFavouriteTVShows"/>
</testsuite> <!-- tv.hooq.web.scripts.HOOQ_Web_LapsedUser_AddingFavouriteTVShows -->
