<?xml version="1.0" encoding="UTF-8"?>
<!-- Generated by org.testng.reporters.JUnitReportReporter -->
<testsuite hostname="HW1374" name="tv.hooq.web.scripts.HOOQ_Web_LapsedUser_TVOD_ContentDetailsPage" tests="1" failures="0" timestamp="28 Jan 2018 12:14:06 GMT" time="100.723" errors="0">
  <testcase name="HOOQ_Web_LapsedUser_TVOD_ContentDetailsPage" time="100.723" classname="tv.hooq.web.scripts.HOOQ_Web_LapsedUser_TVOD_ContentDetailsPage"/>
</testsuite> <!-- tv.hooq.web.scripts.HOOQ_Web_LapsedUser_TVOD_ContentDetailsPage -->
