<?xml version="1.0" encoding="UTF-8"?>
<!-- Generated by org.testng.reporters.JUnitReportReporter -->
<testsuite hostname="HW1374" name="tv.hooq.web.scripts.HOOQ_Web_FreeUser_AddingWatchLaterMovies" tests="1" failures="0" timestamp="29 Jan 2018 03:37:33 GMT" time="227.748" errors="0">
  <testcase name="HOOQ_Web_FreeUser_AddingWatchLaterMovies" time="227.748" classname="tv.hooq.web.scripts.HOOQ_Web_FreeUser_AddingWatchLaterMovies"/>
</testsuite> <!-- tv.hooq.web.scripts.HOOQ_Web_FreeUser_AddingWatchLaterMovies -->
