<?xml version="1.0" encoding="UTF-8"?>
<!-- Generated by org.testng.reporters.JUnitReportReporter -->
<testsuite hostname="HW1374" name="tv.hooq.web.scripts.HOOQ_Web_LapsedUser_RentFilter" tests="1" failures="0" timestamp="28 Jan 2018 10:34:48 GMT" time="611.559" errors="0">
  <testcase name="HOOQ_Web_LapsedUser_RentFilter" time="611.559" classname="tv.hooq.web.scripts.HOOQ_Web_LapsedUser_RentFilter"/>
</testsuite> <!-- tv.hooq.web.scripts.HOOQ_Web_LapsedUser_RentFilter -->
