<?xml version="1.0" encoding="UTF-8"?>
<!-- Generated by org.testng.reporters.JUnitReportReporter -->
<testsuite hostname="CTLINDT-0708" name="com.jetPrev.scripts_Components.JetPrev_Smoke_Component_A_Dataprovider" tests="1" failures="0" timestamp="21 Aug 2018 23:32:46 GMT" time="15350.873" errors="0">
  <testcase name="JetPrev_Component_BreadcrumPresentation" time="15350.873" classname="com.jetPrev.scripts_Components.JetPrev_Smoke_Component_A_Dataprovider"/>
</testsuite> <!-- com.jetPrev.scripts_Components.JetPrev_Smoke_Component_A_Dataprovider -->
