<?xml version="1.0" encoding="UTF-8"?>
<!-- Generated by org.testng.reporters.JUnitReportReporter -->
<testsuite hostname="HW1374" name="tv.hooq.web.scripts.HOOQ_Web_ActiveUser_PlayWatchLaterPremiumContent" tests="1" failures="0" timestamp="28 Jan 2018 23:16:13 GMT" time="568.254" errors="0">
  <testcase name="HOOQ_Web_ActiveUser_PlayWatchLaterPremiumContent" time="568.254" classname="tv.hooq.web.scripts.HOOQ_Web_ActiveUser_PlayWatchLaterPremiumContent"/>
</testsuite> <!-- tv.hooq.web.scripts.HOOQ_Web_ActiveUser_PlayWatchLaterPremiumContent -->
