<?xml version="1.0" encoding="UTF-8"?>
<!-- Generated by org.testng.reporters.JUnitReportReporter -->
<testsuite hostname="HW1374" name="tv.hooq.web.scripts.HOOQ_Web_LapsedUser_AddingWatchLaterMovies" tests="1" failures="0" timestamp="29 Jan 2018 08:45:34 GMT" time="217.581" errors="0">
  <testcase name="HOOQ_Web_LapsedUser_AddingWatchLaterMovies" time="217.581" classname="tv.hooq.web.scripts.HOOQ_Web_LapsedUser_AddingWatchLaterMovies"/>
</testsuite> <!-- tv.hooq.web.scripts.HOOQ_Web_LapsedUser_AddingWatchLaterMovies -->
