<?xml version="1.0" encoding="UTF-8"?>
<!-- Generated by org.testng.reporters.JUnitReportReporter -->
<testsuite hostname="HW1374" name="tv.hooq.web.scripts.HOOQ_Web_FreeUser_RentPage_TicketsAndItsExpiry" tests="1" failures="0" timestamp="29 Jan 2018 06:23:40 GMT" time="125.269" errors="0">
  <testcase name="HOOQ_Web_FreeUser_RentPage_TicketsAndItsExpiry" time="125.269" classname="tv.hooq.web.scripts.HOOQ_Web_FreeUser_RentPage_TicketsAndItsExpiry"/>
</testsuite> <!-- tv.hooq.web.scripts.HOOQ_Web_FreeUser_RentPage_TicketsAndItsExpiry -->
