<?xml version="1.0" encoding="UTF-8"?>
<!-- Generated by org.testng.reporters.JUnitReportReporter -->
<testsuite hostname="HW1374" name="tv.hooq.web.scripts.HOOQ_Web_LapsedUser_PlayPremiumContent" tests="1" failures="0" timestamp="28 Jan 2018 09:48:31 GMT" time="173.501" errors="0">
  <testcase name="HOOQ_Web_LapsedUser_PlayPremiumContent" time="173.501" classname="tv.hooq.web.scripts.HOOQ_Web_LapsedUser_PlayPremiumContent"/>
</testsuite> <!-- tv.hooq.web.scripts.HOOQ_Web_LapsedUser_PlayPremiumContent -->
