<?xml version="1.0" encoding="UTF-8"?>
<!-- Generated by org.testng.reporters.JUnitReportReporter -->
<testsuite hostname="HW1374" name="tv.hooq.web.scripts.HOOQ_Web_FreeUser_SettingsAppSubTitle" tests="1" failures="0" timestamp="29 Jan 2018 07:47:49 GMT" time="1142.519" errors="0">
  <testcase name="HOOQ_Web_FreeUser_SettingsAppSubTitle" time="1142.519" classname="tv.hooq.web.scripts.HOOQ_Web_FreeUser_SettingsAppSubTitle"/>
</testsuite> <!-- tv.hooq.web.scripts.HOOQ_Web_FreeUser_SettingsAppSubTitle -->
