<?xml version="1.0" encoding="UTF-8"?>
<!-- Generated by org.testng.reporters.JUnitReportReporter -->
<testsuite hostname="HW1374" name="tv.hooq.web.scripts.HOOQ_Web_FreeUser_PlayFavouritePremiumContent" tests="1" failures="0" timestamp="29 Jan 2018 05:04:40 GMT" time="220.447" errors="0">
  <testcase name="HOOQ_Web_FreeUser_PlayFavouritePremiumContent" time="220.447" classname="tv.hooq.web.scripts.HOOQ_Web_FreeUser_PlayFavouritePremiumContent"/>
</testsuite> <!-- tv.hooq.web.scripts.HOOQ_Web_FreeUser_PlayFavouritePremiumContent -->
