<?xml version="1.0" encoding="UTF-8"?>
<!-- Generated by org.testng.reporters.JUnitReportReporter -->
<testsuite hostname="HW1374" name="tv.hooq.web.scripts.HOOQ_Web_ActiveUser_AddingWatchLaterTVODContent" tests="1" failures="0" timestamp="28 Jan 2018 20:07:14 GMT" time="232.917" errors="0">
  <testcase name="HOOQ_Web_ActiveUser_AddingWatchLaterTVODContent" time="232.917" classname="tv.hooq.web.scripts.HOOQ_Web_ActiveUser_AddingWatchLaterTVODContent"/>
</testsuite> <!-- tv.hooq.web.scripts.HOOQ_Web_ActiveUser_AddingWatchLaterTVODContent -->
