<?xml version="1.0" encoding="UTF-8"?>
<!-- Generated by org.testng.reporters.JUnitReportReporter -->
<testsuite hostname="HW1374" name="tv.hooq.web.scripts.HOOQ_Web_Verify_SignUp_Incomplete_Email" tests="1" failures="0" timestamp="28 Jan 2018 14:02:04 GMT" time="49.777" errors="0">
  <testcase name="HOOQ_Web_Verify_SignUp_Incomplete_Email" time="49.777" classname="tv.hooq.web.scripts.HOOQ_Web_Verify_SignUp_Incomplete_Email"/>
</testsuite> <!-- tv.hooq.web.scripts.HOOQ_Web_Verify_SignUp_Incomplete_Email -->
