<?xml version="1.0" encoding="UTF-8"?>
<!-- Generated by org.testng.reporters.JUnitReportReporter -->
<testsuite hostname="HW1374" name="tv.hooq.web.scripts.HOOQ_Web_FreeUser_SettingsAppDisplayBahasaIndonesia" tests="1" failures="0" timestamp="29 Jan 2018 07:11:17 GMT" time="129.609" errors="0">
  <testcase name="HOOQ_Web_FreeUser_SettingsAppDisplayBahasaIndonesia" time="129.609" classname="tv.hooq.web.scripts.HOOQ_Web_FreeUser_SettingsAppDisplayBahasaIndonesia"/>
</testsuite> <!-- tv.hooq.web.scripts.HOOQ_Web_FreeUser_SettingsAppDisplayBahasaIndonesia -->
