<?xml version="1.0" encoding="UTF-8"?>
<!-- Generated by org.testng.reporters.JUnitReportReporter -->
<testsuite hostname="HW1374" name="tv.hooq.web.scripts.HOOQ_Web_LapsedUser_FavoriteSection" tests="1" failures="0" timestamp="28 Jan 2018 09:08:05 GMT" time="206.194" errors="0">
  <testcase name="HOOQ_Web_LapsedUser_FavoriteSection" time="206.194" classname="tv.hooq.web.scripts.HOOQ_Web_LapsedUser_FavoriteSection"/>
</testsuite> <!-- tv.hooq.web.scripts.HOOQ_Web_LapsedUser_FavoriteSection -->
