<?xml version="1.0" encoding="UTF-8"?>
<!-- Generated by org.testng.reporters.JUnitReportReporter -->
<testsuite hostname="HW1374" name="tv.hooq.web.scripts.HOOQ_Web_Verify_Login_Spaces_With_Dot" tests="1" failures="0" timestamp="28 Jan 2018 13:35:24 GMT" time="335.583" errors="0">
  <testcase name="HOOQ_Web_Verify_Login_Spaces_With_Dot" time="335.583" classname="tv.hooq.web.scripts.HOOQ_Web_Verify_Login_Spaces_With_Dot"/>
</testsuite> <!-- tv.hooq.web.scripts.HOOQ_Web_Verify_Login_Spaces_With_Dot -->
