<?xml version="1.0" encoding="UTF-8"?>
<!-- Generated by org.testng.reporters.JUnitReportReporter -->
<testsuite hostname="HW1374" name="tv.hooq.web.scripts.HOOQ_Web_LapsedUser_SettingsAppSubTitle" tests="1" failures="0" timestamp="28 Jan 2018 11:55:17 GMT" time="1456.645" errors="0">
  <testcase name="HOOQ_Web_LapsedUser_SettingsAppSubTitle" time="1456.645" classname="tv.hooq.web.scripts.HOOQ_Web_LapsedUser_SettingsAppSubTitle"/>
</testsuite> <!-- tv.hooq.web.scripts.HOOQ_Web_LapsedUser_SettingsAppSubTitle -->
