<?xml version="1.0" encoding="UTF-8"?>
<!-- Generated by org.testng.reporters.JUnitReportReporter -->
<testsuite hostname="HW1374" name="tv.hooq.web.scripts.HOOQ_Web_LapsedUser_AddingFavouriteMovies" tests="1" failures="0" timestamp="29 Jan 2018 08:23:50 GMT" time="200.095" errors="0">
  <testcase name="HOOQ_Web_LapsedUser_AddingFavouriteMovies" time="200.095" classname="tv.hooq.web.scripts.HOOQ_Web_LapsedUser_AddingFavouriteMovies"/>
</testsuite> <!-- tv.hooq.web.scripts.HOOQ_Web_LapsedUser_AddingFavouriteMovies -->
