<?xml version="1.0" encoding="UTF-8"?>
<!-- Generated by org.testng.reporters.JUnitReportReporter -->
<testsuite hostname="HW1374" name="tv.hooq.web.scripts.HOOQ_Web_ActiveUser_RentalsSection" tests="1" failures="0" timestamp="28 Jan 2018 23:51:27 GMT" time="85.819" errors="0">
  <testcase name="HOOQ_Web_ActiveUser_RentalsSection" time="85.819" classname="tv.hooq.web.scripts.HOOQ_Web_ActiveUser_RentalsSection"/>
</testsuite> <!-- tv.hooq.web.scripts.HOOQ_Web_ActiveUser_RentalsSection -->
