<?xml version="1.0" encoding="UTF-8"?>
<!-- Generated by org.testng.reporters.JUnitReportReporter -->
<testsuite hostname="HW1374" name="tv.hooq.web.scripts.HOOQ_Web_LapsedUser_RentWithINR_1Ticket" tests="1" failures="0" timestamp="28 Jan 2018 10:52:30 GMT" time="117.702" errors="0">
  <testcase name="HOOQ_Web_LapsedUser_RentWithINR_1Ticket" time="117.702" classname="tv.hooq.web.scripts.HOOQ_Web_LapsedUser_RentWithINR_1Ticket"/>
</testsuite> <!-- tv.hooq.web.scripts.HOOQ_Web_LapsedUser_RentWithINR_1Ticket -->
