<?xml version="1.0" encoding="UTF-8"?>
<!-- Generated by org.testng.reporters.JUnitReportReporter -->
<testsuite hostname="HW1374" name="tv.hooq.web.scripts.HOOQ_Web_Verify_SignUp_Mobile_Incomplete_Mobile" tests="1" failures="0" timestamp="28 Jan 2018 14:11:01 GMT" time="351.009" errors="0">
  <testcase name="HOOQ_Web_Verify_SignUp_Mobile_Incomplete_Mobile" time="351.009" classname="tv.hooq.web.scripts.HOOQ_Web_Verify_SignUp_Mobile_Incomplete_Mobile"/>
</testsuite> <!-- tv.hooq.web.scripts.HOOQ_Web_Verify_SignUp_Mobile_Incomplete_Mobile -->
