<?xml version="1.0" encoding="UTF-8"?>
<!-- Generated by org.testng.reporters.JUnitReportReporter -->
<testsuite hostname="HW1374" name="tv.hooq.web.scripts.HOOQ_Web_FreeUser_SettingsAppPlaybackQuality" tests="1" failures="0" timestamp="29 Jan 2018 07:27:40 GMT" time="546.154" errors="0">
  <testcase name="HOOQ_Web_FreeUser_SettingsAppPlaybackQuality" time="546.154" classname="tv.hooq.web.scripts.HOOQ_Web_FreeUser_SettingsAppPlaybackQuality"/>
</testsuite> <!-- tv.hooq.web.scripts.HOOQ_Web_FreeUser_SettingsAppPlaybackQuality -->
