<?xml version="1.0" encoding="UTF-8"?>
<!-- Generated by org.testng.reporters.JUnitReportReporter -->
<testsuite hostname="HW1374" name="tv.hooq.web.scripts.HOOQ_Web_Verify_SignUp_Mobile_Existing_User" tests="1" failures="0" timestamp="28 Jan 2018 14:04:03 GMT" time="57.802" errors="0">
  <testcase name="HOOQ_Web_Verify_SignUp_Mobile_Existing_User" time="57.802" classname="tv.hooq.web.scripts.HOOQ_Web_Verify_SignUp_Mobile_Existing_User"/>
</testsuite> <!-- tv.hooq.web.scripts.HOOQ_Web_Verify_SignUp_Mobile_Existing_User -->
