<?xml version="1.0" encoding="UTF-8"?>
<!-- Generated by org.testng.reporters.JUnitReportReporter -->
<testsuite hostname="HW1374" name="tv.hooq.web.scripts.HOOQ_Web_LapsedUser_PlayFavouriteMovies" tests="1" failures="0" timestamp="28 Jan 2018 09:24:02 GMT" time="222.519" errors="0">
  <testcase name="HOOQ_Web_LapsedUser_PlayFavouriteMovies" time="222.519" classname="tv.hooq.web.scripts.HOOQ_Web_LapsedUser_PlayFavouriteMovies"/>
</testsuite> <!-- tv.hooq.web.scripts.HOOQ_Web_LapsedUser_PlayFavouriteMovies -->
