<?xml version="1.0" encoding="UTF-8"?>
<!-- Generated by org.testng.reporters.JUnitReportReporter -->
<testsuite hostname="HW1374" name="tv.hooq.web.scripts.HOOQ_Web_Verify_Login_Mobile_Invalid_LessThan_Eight_Digits" tests="1" failures="0" timestamp="28 Jan 2018 13:06:17 GMT" time="53.100" errors="0">
  <testcase name="HOOQ_Web_Verify_Login_Mobile_Invalid_LessThan_Eight_Digits" time="53.100" classname="tv.hooq.web.scripts.HOOQ_Web_Verify_Login_Mobile_Invalid_LessThan_Eight_Digits"/>
</testsuite> <!-- tv.hooq.web.scripts.HOOQ_Web_Verify_Login_Mobile_Invalid_LessThan_Eight_Digits -->
