<?xml version="1.0" encoding="UTF-8"?>
<!-- Generated by org.testng.reporters.JUnitReportReporter -->
<testsuite hostname="CTLINDT-1185" name="tv.hooq.web.scripts.HOOQ_Web_FreeUser_Search" tests="1" failures="0" timestamp="30 Jan 2018 08:37:11 GMT" time="154.785" errors="0">
  <testcase name="HOOQ_Web_FreeUser_Search" time="154.785" classname="tv.hooq.web.scripts.HOOQ_Web_FreeUser_Search"/>
</testsuite> <!-- tv.hooq.web.scripts.HOOQ_Web_FreeUser_Search -->
