<?xml version="1.0" encoding="UTF-8"?>
<!-- Generated by org.testng.reporters.JUnitReportReporter -->
<testsuite hostname="HW1374" name="tv.hooq.web.scripts.HOOQ_Web_ActiveUser_PlayFavouritePremiumContent" tests="1" failures="0" timestamp="28 Jan 2018 22:12:10 GMT" time="228.428" errors="0">
  <testcase name="HOOQ_Web_ActiveUser_PlayFavouritePremiumContent" time="228.428" classname="tv.hooq.web.scripts.HOOQ_Web_ActiveUser_PlayFavouritePremiumContent"/>
</testsuite> <!-- tv.hooq.web.scripts.HOOQ_Web_ActiveUser_PlayFavouritePremiumContent -->
