<?xml version="1.0" encoding="UTF-8"?>
<!-- Generated by org.testng.reporters.JUnitReportReporter -->
<testsuite hostname="HW1374" name="tv.hooq.web.scripts.HOOQ_Web_FreeUser_AddingFavouriteTVODContent" tests="1" failures="0" timestamp="29 Jan 2018 03:27:26 GMT" time="460.839" errors="0">
  <testcase name="HOOQ_Web_FreeUser_AddingFavouriteTVODContent" time="460.839" classname="tv.hooq.web.scripts.HOOQ_Web_FreeUser_AddingFavouriteTVODContent"/>
</testsuite> <!-- tv.hooq.web.scripts.HOOQ_Web_FreeUser_AddingFavouriteTVODContent -->
