<?xml version="1.0" encoding="UTF-8"?>
<!-- Generated by org.testng.reporters.JUnitReportReporter -->
<testsuite hostname="HW1374" name="tv.hooq.web.scripts.HOOQ_Web_Verify_SignUp_Mobile_Spaces_Without_Digits" tests="1" failures="0" timestamp="28 Jan 2018 14:21:50 GMT" time="335.195" errors="0">
  <testcase name="HOOQ_Web_Verify_SignUp_Mobile_Spaces_Without_Digits" time="335.195" classname="tv.hooq.web.scripts.HOOQ_Web_Verify_SignUp_Mobile_Spaces_Without_Digits"/>
</testsuite> <!-- tv.hooq.web.scripts.HOOQ_Web_Verify_SignUp_Mobile_Spaces_Without_Digits -->
