<?xml version="1.0" encoding="UTF-8"?>
<!-- Generated by org.testng.reporters.JUnitReportReporter -->
<testsuite hostname="HW1374" name="tv.hooq.web.scripts.HOOQ_Web_ActiveUser_YouWereWatching" tests="1" failures="0" timestamp="29 Jan 2018 03:06:18 GMT" time="73.977" errors="0">
  <testcase name="HOOQ_Web_ActiveUser_YouWereWatching" time="73.977" classname="tv.hooq.web.scripts.HOOQ_Web_ActiveUser_YouWereWatching"/>
</testsuite> <!-- tv.hooq.web.scripts.HOOQ_Web_ActiveUser_YouWereWatching -->
