<?xml version="1.0" encoding="UTF-8"?>
<!-- Generated by org.testng.reporters.JUnitReportReporter -->
<testsuite hostname="HW1374" name="tv.hooq.web.scripts.HOOQ_Web_FreeUser_AddingWatchLaterTVShows" tests="1" failures="0" timestamp="29 Jan 2018 03:56:14 GMT" time="490.894" errors="0">
  <testcase name="HOOQ_Web_FreeUser_AddingWatchLaterTVShows" time="490.894" classname="tv.hooq.web.scripts.HOOQ_Web_FreeUser_AddingWatchLaterTVShows"/>
</testsuite> <!-- tv.hooq.web.scripts.HOOQ_Web_FreeUser_AddingWatchLaterTVShows -->
