<?xml version="1.0" encoding="UTF-8"?>
<!-- Generated by org.testng.reporters.JUnitReportReporter -->
<testsuite hostname="HW1374" name="tv.hooq.web.scripts.HOOQ_Web_Verify_Login_Mobile_Incomplete_Mobile" tests="1" failures="0" timestamp="28 Jan 2018 13:04:13 GMT" time="346.243" errors="0">
  <testcase name="HOOQ_Web_Verify_Login_Mobile_Incomplete_Mobile" time="346.243" classname="tv.hooq.web.scripts.HOOQ_Web_Verify_Login_Mobile_Incomplete_Mobile"/>
</testsuite> <!-- tv.hooq.web.scripts.HOOQ_Web_Verify_Login_Mobile_Incomplete_Mobile -->
