<?xml version="1.0" encoding="UTF-8"?>
<!-- Generated by org.testng.reporters.JUnitReportReporter -->
<testsuite hostname="HW1374" name="tv.hooq.web.scripts.HOOQ_Web_ActiveUser_IncorrectSearch" tests="1" failures="0" timestamp="28 Jan 2018 21:51:43 GMT" time="101.860" errors="0">
  <testcase name="HOOQ_Web_ActiveUser_IncorrectSearch" time="101.860" classname="tv.hooq.web.scripts.HOOQ_Web_ActiveUser_IncorrectSearch"/>
</testsuite> <!-- tv.hooq.web.scripts.HOOQ_Web_ActiveUser_IncorrectSearch -->
