<?xml version="1.0" encoding="UTF-8"?>
<!-- Generated by org.testng.reporters.JUnitReportReporter -->
<testsuite hostname="HW1374" name="tv.hooq.web.scripts.HOOQ_Web_ActiveUser_SettingsAppAudioTrack" tests="1" failures="0" timestamp="29 Jan 2018 00:47:35 GMT" time="1270.155" errors="0">
  <testcase name="HOOQ_Web_ActiveUser_SettingsAppAudioTrack" time="1270.155" classname="tv.hooq.web.scripts.HOOQ_Web_ActiveUser_SettingsAppAudioTrack"/>
</testsuite> <!-- tv.hooq.web.scripts.HOOQ_Web_ActiveUser_SettingsAppAudioTrack -->
