<?xml version="1.0" encoding="UTF-8"?>
<!-- Generated by org.testng.reporters.JUnitReportReporter -->
<testsuite hostname="HW1374" name="tv.hooq.web.scripts.HOOQ_Web_LapsedUser_RentSection_TVODContentOnly" tests="1" failures="0" timestamp="28 Jan 2018 10:46:59 GMT" time="500.867" errors="0">
  <testcase name="HOOQ_Web_LapsedUser_RentSection_TVODContentOnly" time="500.867" classname="tv.hooq.web.scripts.HOOQ_Web_LapsedUser_RentSection_TVODContentOnly"/>
</testsuite> <!-- tv.hooq.web.scripts.HOOQ_Web_LapsedUser_RentSection_TVODContentOnly -->
