<?xml version="1.0" encoding="UTF-8"?>
<!-- Generated by org.testng.reporters.JUnitReportReporter -->
<testsuite hostname="HW1374" name="tv.hooq.web.scripts.HOOQ_Web_Verify_Login_Free_User" tests="1" failures="0" timestamp="28 Jan 2018 12:37:55 GMT" time="68.179" errors="0">
  <testcase name="HOOQ_Web_Verify_Login_Free_User" time="68.179" classname="tv.hooq.web.scripts.HOOQ_Web_Verify_Login_Free_User"/>
</testsuite> <!-- tv.hooq.web.scripts.HOOQ_Web_Verify_Login_Free_User -->
