<?xml version="1.0" encoding="UTF-8"?>
<!-- Generated by org.testng.reporters.JUnitReportReporter -->
<testsuite hostname="HW1374" name="tv.hooq.web.scripts.HOOQ_Web_ActiveUser_PlayHistoryMovies" tests="1" failures="0" timestamp="28 Jan 2018 22:36:41 GMT" time="488.725" errors="0">
  <testcase name="HOOQ_Web_ActiveUser_PlayHistoryMovies" time="488.725" classname="tv.hooq.web.scripts.HOOQ_Web_ActiveUser_PlayHistoryMovies"/>
</testsuite> <!-- tv.hooq.web.scripts.HOOQ_Web_ActiveUser_PlayHistoryMovies -->
