<?xml version="1.0" encoding="UTF-8"?>
<!-- Generated by org.testng.reporters.JUnitReportReporter -->
<testsuite hostname="HW1374" name="tv.hooq.web.scripts.HOOQ_Web_LapsedUser_PlayMovies" tests="1" failures="0" timestamp="28 Jan 2018 09:44:33 GMT" time="175.823" errors="0">
  <testcase name="HOOQ_Web_LapsedUser_PlayMovies" time="175.823" classname="tv.hooq.web.scripts.HOOQ_Web_LapsedUser_PlayMovies"/>
</testsuite> <!-- tv.hooq.web.scripts.HOOQ_Web_LapsedUser_PlayMovies -->
