<?xml version="1.0" encoding="UTF-8"?>
<!-- Generated by org.testng.reporters.JUnitReportReporter -->
<testsuite hostname="HW1374" name="tv.hooq.web.scripts.HOOQ_Web_FreeUser_FavoriteSection" tests="1" failures="0" timestamp="29 Jan 2018 04:39:28 GMT" time="203.983" errors="0">
  <testcase name="HOOQ_Web_FreeUser_FavoriteSection" time="203.983" classname="tv.hooq.web.scripts.HOOQ_Web_FreeUser_FavoriteSection"/>
</testsuite> <!-- tv.hooq.web.scripts.HOOQ_Web_FreeUser_FavoriteSection -->
