<?xml version="1.0" encoding="UTF-8"?>
<!-- Generated by org.testng.reporters.JUnitReportReporter -->
<testsuite hostname="CTLINDT-1185" name="tv.hooq.web.scripts.HOOQ_Web_FreeUser_AddingFavouriteMovies" tests="1" failures="0" timestamp="1 Feb 2018 04:39:11 GMT" time="231.295" errors="0">
  <testcase name="HOOQ_Web_FreeUser_AddingFavouriteMovies" time="231.295" classname="tv.hooq.web.scripts.HOOQ_Web_FreeUser_AddingFavouriteMovies"/>
</testsuite> <!-- tv.hooq.web.scripts.HOOQ_Web_FreeUser_AddingFavouriteMovies -->
