<?xml version="1.0" encoding="UTF-8"?>
<!-- Generated by org.testng.reporters.JUnitReportReporter -->
<testsuite hostname="HW1374" name="tv.hooq.web.scripts.HOOQ_Web_LoginWithInvalidOTP" tests="1" failures="0" timestamp="28 Jan 2018 12:30:55 GMT" time="68.205" errors="0">
  <testcase name="HOOQ_Web_LoginWithInvalidOTP" time="68.205" classname="tv.hooq.web.scripts.HOOQ_Web_LoginWithInvalidOTP"/>
</testsuite> <!-- tv.hooq.web.scripts.HOOQ_Web_LoginWithInvalidOTP -->
