<?xml version="1.0" encoding="UTF-8"?>
<!-- Generated by org.testng.reporters.JUnitReportReporter -->
<testsuite hostname="HW1374" name="tv.hooq.web.scripts.HOOQ_Web_ActiveUser_AddingWatchLaterPremiumContent" tests="1" failures="0" timestamp="28 Jan 2018 20:01:58 GMT" time="231.037" errors="0">
  <testcase name="HOOQ_Web_ActiveUser_AddingWatchLaterPremiumContent" time="231.037" classname="tv.hooq.web.scripts.HOOQ_Web_ActiveUser_AddingWatchLaterPremiumContent"/>
</testsuite> <!-- tv.hooq.web.scripts.HOOQ_Web_ActiveUser_AddingWatchLaterPremiumContent -->
