<?xml version="1.0" encoding="UTF-8"?>
<!-- Generated by org.testng.reporters.JUnitReportReporter -->
<testsuite hostname="HW1374" name="tv.hooq.web.scripts.HOOQ_Web_FreeUser_WatchLaterSection" tests="1" failures="0" timestamp="29 Jan 2018 08:19:27 GMT" time="232.423" errors="0">
  <testcase name="HOOQ_Web_FreeUser_WatchLaterSection" time="232.423" classname="tv.hooq.web.scripts.HOOQ_Web_FreeUser_WatchLaterSection"/>
</testsuite> <!-- tv.hooq.web.scripts.HOOQ_Web_FreeUser_WatchLaterSection -->
