<?xml version="1.0" encoding="UTF-8"?>
<!-- Generated by org.testng.reporters.JUnitReportReporter -->
<testsuite hostname="HW1374" name="tv.hooq.web.scripts.HOOQ_Web_Verify_SignUp_Special_Characters_Without_Dot_And_At" tests="1" failures="0" timestamp="28 Jan 2018 14:53:11 GMT" time="51.795" errors="0">
  <testcase name="HOOQ_Web_Verify_SignUp_Special_Characters_Without_Dot_And_At" time="51.795" classname="tv.hooq.web.scripts.HOOQ_Web_Verify_SignUp_Special_Characters_Without_Dot_And_At"/>
</testsuite> <!-- tv.hooq.web.scripts.HOOQ_Web_Verify_SignUp_Special_Characters_Without_Dot_And_At -->
