<?xml version="1.0" encoding="UTF-8"?>
<!-- Generated by org.testng.reporters.JUnitReportReporter -->
<testsuite hostname="HW1374" name="tv.hooq.web.scripts.HOOQ_Web_FreeUser_RentSection" tests="1" failures="0" timestamp="29 Jan 2018 06:37:34 GMT" time="385.505" errors="0">
  <testcase name="HOOQ_Web_FreeUser_RentSection" time="385.505" classname="tv.hooq.web.scripts.HOOQ_Web_FreeUser_RentSection"/>
</testsuite> <!-- tv.hooq.web.scripts.HOOQ_Web_FreeUser_RentSection -->
