<?xml version="1.0" encoding="UTF-8"?>
<!-- Generated by org.testng.reporters.JUnitReportReporter -->
<testsuite hostname="HW1374" name="tv.hooq.web.scripts.HOOQ_Web_LapsedUser_DiscoverSection" tests="1" failures="0" timestamp="28 Jan 2018 09:03:31 GMT" time="621.552" errors="0">
  <testcase name="HOOQ_Web_LapsedUser_DiscoverSection" time="621.552" classname="tv.hooq.web.scripts.HOOQ_Web_LapsedUser_DiscoverSection"/>
</testsuite> <!-- tv.hooq.web.scripts.HOOQ_Web_LapsedUser_DiscoverSection -->
