<?xml version="1.0" encoding="UTF-8"?>
<!-- Generated by org.testng.reporters.JUnitReportReporter -->
<testsuite hostname="HW1374" name="tv.hooq.web.scripts.HOOQ_Web_LapsedUser_Subscription_ValidVoucherCode" tests="1" failures="0" timestamp="28 Jan 2018 12:01:10 GMT" time="110.922" errors="0">
  <testcase name="HOOQ_Web_LapsedUser_Subscription_ValidVoucherCode" time="110.922" classname="tv.hooq.web.scripts.HOOQ_Web_LapsedUser_Subscription_ValidVoucherCode"/>
</testsuite> <!-- tv.hooq.web.scripts.HOOQ_Web_LapsedUser_Subscription_ValidVoucherCode -->
