<?xml version="1.0" encoding="UTF-8"?>
<!-- Generated by org.testng.reporters.JUnitReportReporter -->
<testsuite hostname="HW1374" name="tv.hooq.web.scripts.HOOQ_Web_FreeUser_PlayWatchLaterPremiumContent" tests="1" failures="0" timestamp="29 Jan 2018 05:47:24 GMT" time="294.146" errors="0">
  <testcase name="HOOQ_Web_FreeUser_PlayWatchLaterPremiumContent" time="294.146" classname="tv.hooq.web.scripts.HOOQ_Web_FreeUser_PlayWatchLaterPremiumContent"/>
</testsuite> <!-- tv.hooq.web.scripts.HOOQ_Web_FreeUser_PlayWatchLaterPremiumContent -->
