<?xml version="1.0" encoding="UTF-8"?>
<!-- Generated by org.testng.reporters.JUnitReportReporter -->
<testsuite hostname="HW1374" name="tv.hooq.web.scripts.HOOQ_Web_LapsedUser_SettingsAppAudioTrack" tests="1" failures="0" timestamp="28 Jan 2018 11:14:52 GMT" time="1115.014" errors="0">
  <testcase name="HOOQ_Web_LapsedUser_SettingsAppAudioTrack" time="1115.014" classname="tv.hooq.web.scripts.HOOQ_Web_LapsedUser_SettingsAppAudioTrack"/>
</testsuite> <!-- tv.hooq.web.scripts.HOOQ_Web_LapsedUser_SettingsAppAudioTrack -->
