<?xml version="1.0" encoding="UTF-8"?>
<!-- Generated by org.testng.reporters.JUnitReportReporter -->
<testsuite hostname="HW1374" name="tv.hooq.web.scripts.HOOQ_Web_SignUpWithInvalidOTP" tests="1" failures="0" timestamp="28 Jan 2018 12:33:16 GMT" time="72.163" errors="0">
  <testcase name="HOOQ_Web_SignUpWithInvalidOTP" time="72.163" classname="tv.hooq.web.scripts.HOOQ_Web_SignUpWithInvalidOTP"/>
</testsuite> <!-- tv.hooq.web.scripts.HOOQ_Web_SignUpWithInvalidOTP -->
