<?xml version="1.0" encoding="UTF-8"?>
<!-- Generated by org.testng.reporters.JUnitReportReporter -->
<testsuite hostname="HW1374" name="tv.hooq.web.scripts.HOOQ_Web_ActiveUser_AddingFavouritePremiumContent" tests="1" failures="0" timestamp="28 Jan 2018 19:39:21 GMT" time="199.859" errors="0">
  <testcase name="HOOQ_Web_ActiveUser_AddingFavouritePremiumContent" time="199.859" classname="tv.hooq.web.scripts.HOOQ_Web_ActiveUser_AddingFavouritePremiumContent"/>
</testsuite> <!-- tv.hooq.web.scripts.HOOQ_Web_ActiveUser_AddingFavouritePremiumContent -->
