<?xml version="1.0" encoding="UTF-8"?>
<!-- Generated by org.testng.reporters.JUnitReportReporter -->
<testsuite hostname="HW1374" name="tv.hooq.web.scripts.HOOQ_Web_LapsedUser_SettingsAppDisplayBahasaIndonesia" tests="1" failures="0" timestamp="28 Jan 2018 11:18:05 GMT" time="125.347" errors="0">
  <testcase name="HOOQ_Web_LapsedUser_SettingsAppDisplayBahasaIndonesia" time="125.347" classname="tv.hooq.web.scripts.HOOQ_Web_LapsedUser_SettingsAppDisplayBahasaIndonesia"/>
</testsuite> <!-- tv.hooq.web.scripts.HOOQ_Web_LapsedUser_SettingsAppDisplayBahasaIndonesia -->
