<?xml version="1.0" encoding="UTF-8"?>
<!-- Generated by org.testng.reporters.JUnitReportReporter -->
<testsuite hostname="HW1374" name="tv.hooq.web.scripts.HOOQ_Web_LapsedUser_SubscriptionSection" tests="1" failures="0" timestamp="28 Jan 2018 12:03:44 GMT" time="86.640" errors="0">
  <testcase name="HOOQ_Web_LapsedUser_SubscriptionSection" time="86.640" classname="tv.hooq.web.scripts.HOOQ_Web_LapsedUser_SubscriptionSection"/>
</testsuite> <!-- tv.hooq.web.scripts.HOOQ_Web_LapsedUser_SubscriptionSection -->
