<?xml version="1.0" encoding="UTF-8"?>
<!-- Generated by org.testng.reporters.JUnitReportReporter -->
<testsuite hostname="HW1374" name="tv.hooq.web.scripts.HOOQ_Web_ActiveUser_SupportSection" tests="1" failures="0" timestamp="29 Jan 2018 01:43:09 GMT" time="228.733" errors="0">
  <testcase name="HOOQ_Web_ActiveUser_SupportSection" time="228.733" classname="tv.hooq.web.scripts.HOOQ_Web_ActiveUser_SupportSection"/>
</testsuite> <!-- tv.hooq.web.scripts.HOOQ_Web_ActiveUser_SupportSection -->
