<?xml version="1.0" encoding="UTF-8"?>
<!-- Generated by org.testng.reporters.JUnitReportReporter -->
<testsuite hostname="HW1374" name="tv.hooq.web.scripts.HOOQ_Web_LapsedUser_BrowseSection" tests="1" failures="0" timestamp="28 Jan 2018 08:38:40 GMT" time="75.989" errors="0">
  <testcase name="HOOQ_Web_LapsedUser_BrowseSection" time="75.989" classname="tv.hooq.web.scripts.HOOQ_Web_LapsedUser_BrowseSection"/>
</testsuite> <!-- tv.hooq.web.scripts.HOOQ_Web_LapsedUser_BrowseSection -->
