<?xml version="1.0" encoding="UTF-8"?>
<!-- Generated by org.testng.reporters.JUnitReportReporter -->
<testsuite hostname="HW1374" name="tv.hooq.web.scripts.HOOQ_Web_Verify_SignUp_Mobile_Special_Characters_With_Digits" tests="1" failures="0" timestamp="28 Jan 2018 14:28:44 GMT" time="350.247" errors="0">
  <testcase name="HOOQ_Web_Verify_SignUp_Mobile_Special_Characters_With_Digits" time="350.247" classname="tv.hooq.web.scripts.HOOQ_Web_Verify_SignUp_Mobile_Special_Characters_With_Digits"/>
</testsuite> <!-- tv.hooq.web.scripts.HOOQ_Web_Verify_SignUp_Mobile_Special_Characters_With_Digits -->
