<?xml version="1.0" encoding="UTF-8"?>
<!-- Generated by org.testng.reporters.JUnitReportReporter -->
<testsuite hostname="HW1374" name="tv.hooq.web.scripts.HOOQ_Web_LapsedUser_AddingFavouriteTVODContent_WatchNowSection" tests="1" failures="0" timestamp="29 Jan 2018 08:32:04 GMT" time="168.123" errors="0">
  <testcase name="HOOQ_Web_LapsedUser_AddingFavouriteTVODContent_WatchNowSection" time="168.123" classname="tv.hooq.web.scripts.HOOQ_Web_LapsedUser_AddingFavouriteTVODContent_WatchNowSection"/>
</testsuite> <!-- tv.hooq.web.scripts.HOOQ_Web_LapsedUser_AddingFavouriteTVODContent_WatchNowSection -->
