<?xml version="1.0" encoding="UTF-8"?>
<!-- Generated by org.testng.reporters.JUnitReportReporter -->
<testsuite hostname="HW1374" name="tv.hooq.web.scripts.HOOQ_Web_LapsedUser_SettingsAppDisplayThai" tests="1" failures="0" timestamp="28 Jan 2018 11:24:26 GMT" time="122.185" errors="0">
  <testcase name="HOOQ_Web_LapsedUser_SettingsAppDisplayThai" time="122.185" classname="tv.hooq.web.scripts.HOOQ_Web_LapsedUser_SettingsAppDisplayThai"/>
</testsuite> <!-- tv.hooq.web.scripts.HOOQ_Web_LapsedUser_SettingsAppDisplayThai -->
