<?xml version="1.0" encoding="UTF-8"?>
<!-- Generated by org.testng.reporters.JUnitReportReporter -->
<testsuite hostname="HW1374" name="tv.hooq.web.scripts.HOOQ_Web_FreeUser_TVOD_ContentDetailsPage" tests="1" failures="0" timestamp="29 Jan 2018 08:06:14 GMT" time="97.580" errors="0">
  <testcase name="HOOQ_Web_FreeUser_TVOD_ContentDetailsPage" time="97.580" classname="tv.hooq.web.scripts.HOOQ_Web_FreeUser_TVOD_ContentDetailsPage"/>
</testsuite> <!-- tv.hooq.web.scripts.HOOQ_Web_FreeUser_TVOD_ContentDetailsPage -->
