<?xml version="1.0" encoding="UTF-8"?>
<!-- Generated by org.testng.reporters.JUnitReportReporter -->
<testsuite hostname="HW1374" name="tv.hooq.web.scripts.HOOQ_Web_FreeUser_SubscriptionSection" tests="1" failures="0" timestamp="29 Jan 2018 07:52:51 GMT" time="83.043" errors="0">
  <testcase name="HOOQ_Web_FreeUser_SubscriptionSection" time="83.043" classname="tv.hooq.web.scripts.HOOQ_Web_FreeUser_SubscriptionSection"/>
</testsuite> <!-- tv.hooq.web.scripts.HOOQ_Web_FreeUser_SubscriptionSection -->
