<?xml version="1.0" encoding="UTF-8"?>
<!-- Generated by org.testng.reporters.JUnitReportReporter -->
<testsuite hostname="HW1374" name="tv.hooq.web.scripts.HOOQ_Web_Verify_SignUp_Incomplete_Email_With_Dot" tests="1" failures="0" timestamp="28 Jan 2018 14:00:07 GMT" time="49.548" errors="0">
  <testcase name="HOOQ_Web_Verify_SignUp_Incomplete_Email_With_Dot" time="49.548" classname="tv.hooq.web.scripts.HOOQ_Web_Verify_SignUp_Incomplete_Email_With_Dot"/>
</testsuite> <!-- tv.hooq.web.scripts.HOOQ_Web_Verify_SignUp_Incomplete_Email_With_Dot -->
