<?xml version="1.0" encoding="UTF-8"?>
<!-- Generated by org.testng.reporters.JUnitReportReporter -->
<testsuite hostname="HW1374" name="tv.hooq.web.scripts.HOOQ_Web_ActiveUser_PlayFromSeekBarPosition" tests="1" failures="0" timestamp="28 Jan 2018 22:27:23 GMT" time="174.258" errors="0">
  <testcase name="HOOQ_Web_ActiveUser_PlayFromSeekBarPosition" time="174.258" classname="tv.hooq.web.scripts.HOOQ_Web_ActiveUser_PlayFromSeekBarPosition"/>
</testsuite> <!-- tv.hooq.web.scripts.HOOQ_Web_ActiveUser_PlayFromSeekBarPosition -->
