<?xml version="1.0" encoding="UTF-8"?>
<!-- Generated by org.testng.reporters.JUnitReportReporter -->
<testsuite hostname="HW1374" name="tv.hooq.web.scripts.HOOQ_Web_ActiveUser_BrowseFilter_SelectingMultipleFilters_Subtitles" tests="1" failures="0" timestamp="28 Jan 2018 20:27:54 GMT" time="152.199" errors="0">
  <testcase name="HOOQ_Web_ActiveUser_BrowseFilter_SelectingMultipleFilters_Subtitles" time="152.199" classname="tv.hooq.web.scripts.HOOQ_Web_ActiveUser_BrowseFilter_SelectingMultipleFilters_Subtitles"/>
</testsuite> <!-- tv.hooq.web.scripts.HOOQ_Web_ActiveUser_BrowseFilter_SelectingMultipleFilters_Subtitles -->
