<?xml version="1.0" encoding="UTF-8"?>
<!-- Generated by org.testng.reporters.JUnitReportReporter -->
<testsuite hostname="HW1374" name="tv.hooq.web.scripts.HOOQ_Web_ActiveUser_PlayMovies_FindEpisode" tests="1" failures="0" timestamp="28 Jan 2018 22:39:53 GMT" time="118.474" errors="0">
  <testcase name="HOOQ_Web_ActiveUser_PlayMovies_FindEpisode" time="118.474" classname="tv.hooq.web.scripts.HOOQ_Web_ActiveUser_PlayMovies_FindEpisode"/>
</testsuite> <!-- tv.hooq.web.scripts.HOOQ_Web_ActiveUser_PlayMovies_FindEpisode -->
