<?xml version="1.0" encoding="UTF-8"?>
<!-- Generated by org.testng.reporters.JUnitReportReporter -->
<testsuite hostname="HW1374" name="tv.hooq.web.scripts.HOOQ_Web_FreeUser_PlayWatchLaterTVODContent" tests="1" failures="0" timestamp="29 Jan 2018 05:52:28 GMT" time="232.958" errors="0">
  <testcase name="HOOQ_Web_FreeUser_PlayWatchLaterTVODContent" time="232.958" classname="tv.hooq.web.scripts.HOOQ_Web_FreeUser_PlayWatchLaterTVODContent"/>
</testsuite> <!-- tv.hooq.web.scripts.HOOQ_Web_FreeUser_PlayWatchLaterTVODContent -->
