<?xml version="1.0" encoding="UTF-8"?>
<!-- Generated by org.testng.reporters.JUnitReportReporter -->
<testsuite hostname="HW1374" name="tv.hooq.web.scripts.HOOQ_Web_ActiveUser_BrowseFilter_SelectingMultipleFilters_Type_SortBy" tests="1" failures="0" timestamp="28 Jan 2018 20:33:04 GMT" time="235.114" errors="0">
  <testcase name="HOOQ_Web_ActiveUser_BrowseFilter_SelectingMultipleFilters_Type_SortBy" time="235.114" classname="tv.hooq.web.scripts.HOOQ_Web_ActiveUser_BrowseFilter_SelectingMultipleFilters_Type_SortBy"/>
</testsuite> <!-- tv.hooq.web.scripts.HOOQ_Web_ActiveUser_BrowseFilter_SelectingMultipleFilters_Type_SortBy -->
