<?xml version="1.0" encoding="UTF-8"?>
<!-- Generated by org.testng.reporters.JUnitReportReporter -->
<testsuite hostname="HW1374" name="tv.hooq.web.scripts.HOOQ_Web_ActiveUser_DeletingWatchLaterMoviesFromDiscoverPage" tests="1" failures="0" timestamp="28 Jan 2018 21:23:07 GMT" time="76.291" errors="0">
  <testcase name="HOOQ_Web_ActiveUser_DeletingWatchLaterMoviesFromDiscoverPage" time="76.291" classname="tv.hooq.web.scripts.HOOQ_Web_ActiveUser_DeletingWatchLaterMoviesFromDiscoverPage"/>
</testsuite> <!-- tv.hooq.web.scripts.HOOQ_Web_ActiveUser_DeletingWatchLaterMoviesFromDiscoverPage -->
