<?xml version="1.0" encoding="UTF-8"?>
<!-- Generated by org.testng.reporters.JUnitReportReporter -->
<testsuite hostname="HW1374" name="tv.hooq.web.scripts.HOOQ_Web_Verify_Login_Mobile_Special_Characters_With_Digits" tests="1" failures="0" timestamp="28 Jan 2018 13:12:19 GMT" time="53.992" errors="0">
  <testcase name="HOOQ_Web_Verify_Login_Mobile_Special_Characters_With_Digits" time="53.992" classname="tv.hooq.web.scripts.HOOQ_Web_Verify_Login_Mobile_Special_Characters_With_Digits"/>
</testsuite> <!-- tv.hooq.web.scripts.HOOQ_Web_Verify_Login_Mobile_Special_Characters_With_Digits -->
