<?xml version="1.0" encoding="UTF-8"?>
<!-- Generated by org.testng.reporters.JUnitReportReporter -->
<testsuite hostname="HW1374" name="tv.hooq.web.scripts.HOOQ_Web_ActiveUser_BrowseFilterSortBy_AlphabeticalOrder" tests="1" failures="0" timestamp="28 Jan 2018 21:04:44 GMT" time="179.505" errors="0">
  <testcase name="HOOQ_Web_ActiveUser_BrowseFilterSortBy_AlphabeticalOrder" time="179.505" classname="tv.hooq.web.scripts.HOOQ_Web_ActiveUser_BrowseFilterSortBy_AlphabeticalOrder"/>
</testsuite> <!-- tv.hooq.web.scripts.HOOQ_Web_ActiveUser_BrowseFilterSortBy_AlphabeticalOrder -->
