<?xml version="1.0" encoding="UTF-8"?>
<!-- Generated by org.testng.reporters.JUnitReportReporter -->
<testsuite hostname="HW1374" name="tv.hooq.web.scripts.HOOQ_Web_LapsedUser_AddingWatchLaterTVShows" tests="1" failures="0" timestamp="29 Jan 2018 09:00:19 GMT" time="232.580" errors="0">
  <testcase name="HOOQ_Web_LapsedUser_AddingWatchLaterTVShows" time="232.580" classname="tv.hooq.web.scripts.HOOQ_Web_LapsedUser_AddingWatchLaterTVShows"/>
</testsuite> <!-- tv.hooq.web.scripts.HOOQ_Web_LapsedUser_AddingWatchLaterTVShows -->
