<?xml version="1.0" encoding="UTF-8"?>
<!-- Generated by org.testng.reporters.JUnitReportReporter -->
<testsuite hostname="HW1374" name="tv.hooq.web.scripts.HOOQ_Web_ActiveUser_SettingsAppPlaybackQuality" tests="1" failures="0" timestamp="29 Jan 2018 01:07:32 GMT" time="302.305" errors="0">
  <testcase name="HOOQ_Web_ActiveUser_SettingsAppPlaybackQuality" time="302.305" classname="tv.hooq.web.scripts.HOOQ_Web_ActiveUser_SettingsAppPlaybackQuality"/>
</testsuite> <!-- tv.hooq.web.scripts.HOOQ_Web_ActiveUser_SettingsAppPlaybackQuality -->
