<?xml version="1.0" encoding="UTF-8"?>
<!-- Generated by org.testng.reporters.JUnitReportReporter -->
<testsuite hostname="HW1374" name="tv.hooq.web.scripts.HOOQ_Web_LapsedUser_Search" tests="1" failures="0" timestamp="28 Jan 2018 10:55:07 GMT" time="92.141" errors="0">
  <testcase name="HOOQ_Web_LapsedUser_Search" time="92.141" classname="tv.hooq.web.scripts.HOOQ_Web_LapsedUser_Search"/>
</testsuite> <!-- tv.hooq.web.scripts.HOOQ_Web_LapsedUser_Search -->
