<?xml version="1.0" encoding="UTF-8"?>
<!-- Generated by org.testng.reporters.JUnitReportReporter -->
<testsuite hostname="HW1374" name="tv.hooq.web.scripts.HOOQ_Web_ActiveUser_PurchaseTVODContent_WatchNowSection" tests="1" failures="0" timestamp="28 Jan 2018 23:43:08 GMT" time="209.800" errors="0">
  <testcase name="HOOQ_Web_ActiveUser_PurchaseTVODContent_WatchNowSection" time="209.800" classname="tv.hooq.web.scripts.HOOQ_Web_ActiveUser_PurchaseTVODContent_WatchNowSection"/>
</testsuite> <!-- tv.hooq.web.scripts.HOOQ_Web_ActiveUser_PurchaseTVODContent_WatchNowSection -->
