<?xml version="1.0" encoding="UTF-8"?>
<!-- Generated by org.testng.reporters.JUnitReportReporter -->
<testsuite hostname="HW1374" name="tv.hooq.web.scripts.HOOQ_Web_LapsedUser_PlayWatchLaterTVODContent" tests="1" failures="0" timestamp="28 Jan 2018 10:10:52 GMT" time="211.039" errors="0">
  <testcase name="HOOQ_Web_LapsedUser_PlayWatchLaterTVODContent" time="211.039" classname="tv.hooq.web.scripts.HOOQ_Web_LapsedUser_PlayWatchLaterTVODContent"/>
</testsuite> <!-- tv.hooq.web.scripts.HOOQ_Web_LapsedUser_PlayWatchLaterTVODContent -->
