<?xml version="1.0" encoding="UTF-8"?>
<!-- Generated by org.testng.reporters.JUnitReportReporter -->
<testsuite hostname="HW1374" name="tv.hooq.web.scripts.HOOQ_Web_ActiveUser_AddingFavouriteTVODContent_WatchNowSection" tests="1" failures="0" timestamp="28 Jan 2018 19:43:21 GMT" time="174.593" errors="0">
  <testcase name="HOOQ_Web_ActiveUser_AddingFavouriteTVODContent_WatchNowSection" time="174.593" classname="tv.hooq.web.scripts.HOOQ_Web_ActiveUser_AddingFavouriteTVODContent_WatchNowSection"/>
</testsuite> <!-- tv.hooq.web.scripts.HOOQ_Web_ActiveUser_AddingFavouriteTVODContent_WatchNowSection -->
