<?xml version="1.0" encoding="UTF-8"?>
<!-- Generated by org.testng.reporters.JUnitReportReporter -->
<testsuite hostname="HW1374" name="tv.hooq.web.scripts.HOOQ_Web_Verify_Login_Incomplete_Email" tests="1" failures="0" timestamp="28 Jan 2018 12:53:03 GMT" time="42.159" errors="0">
  <testcase name="HOOQ_Web_Verify_Login_Incomplete_Email" time="42.159" classname="tv.hooq.web.scripts.HOOQ_Web_Verify_Login_Incomplete_Email"/>
</testsuite> <!-- tv.hooq.web.scripts.HOOQ_Web_Verify_Login_Incomplete_Email -->
