<?xml version="1.0" encoding="UTF-8"?>
<!-- Generated by org.testng.reporters.JUnitReportReporter -->
<testsuite hostname="HW1374" name="tv.hooq.web.scripts.HOOQ_Web_LapsedUser_Subscription_InvalidVoucherCode" tests="1" failures="0" timestamp="28 Jan 2018 11:58:08 GMT" time="104.355" errors="0">
  <testcase name="HOOQ_Web_LapsedUser_Subscription_InvalidVoucherCode" time="104.355" classname="tv.hooq.web.scripts.HOOQ_Web_LapsedUser_Subscription_InvalidVoucherCode"/>
</testsuite> <!-- tv.hooq.web.scripts.HOOQ_Web_LapsedUser_Subscription_InvalidVoucherCode -->
