<?xml version="1.0" encoding="UTF-8"?>
<!-- Generated by org.testng.reporters.JUnitReportReporter -->
<testsuite hostname="HW1374" name="tv.hooq.web.scripts.HOOQ_Web_Verify_Login_Mobile_Incomplete_Mobile_With_Special_Char" tests="1" failures="0" timestamp="28 Jan 2018 12:57:18 GMT" time="54.016" errors="0">
  <testcase name="HOOQ_Web_Verify_Login_Mobile_Incomplete_Mobile_With_Special_Char" time="54.016" classname="tv.hooq.web.scripts.HOOQ_Web_Verify_Login_Mobile_Incomplete_Mobile_With_Special_Char"/>
</testsuite> <!-- tv.hooq.web.scripts.HOOQ_Web_Verify_Login_Mobile_Incomplete_Mobile_With_Special_Char -->
