<?xml version="1.0" encoding="UTF-8"?>
<!-- Generated by org.testng.reporters.JUnitReportReporter -->
<testsuite hostname="HW1374" name="tv.hooq.web.scripts.HOOQ_Web_ActiveUser_AddingWatchLaterMovies" tests="1" failures="0" timestamp="28 Jan 2018 19:56:59 GMT" time="229.963" errors="0">
  <testcase name="HOOQ_Web_ActiveUser_AddingWatchLaterMovies" time="229.963" classname="tv.hooq.web.scripts.HOOQ_Web_ActiveUser_AddingWatchLaterMovies"/>
</testsuite> <!-- tv.hooq.web.scripts.HOOQ_Web_ActiveUser_AddingWatchLaterMovies -->
