<?xml version="1.0" encoding="UTF-8"?>
<!-- Generated by org.testng.reporters.JUnitReportReporter -->
<testsuite hostname="HW1374" name="tv.hooq.web.scripts.HOOQ_Web_LapsedUser_HistorySection" tests="1" failures="0" timestamp="28 Jan 2018 09:10:32 GMT" time="78.463" errors="0">
  <testcase name="HOOQ_Web_LapsedUser_HistorySection" time="78.463" classname="tv.hooq.web.scripts.HOOQ_Web_LapsedUser_HistorySection"/>
</testsuite> <!-- tv.hooq.web.scripts.HOOQ_Web_LapsedUser_HistorySection -->
