<?xml version="1.0" encoding="UTF-8"?>
<!-- Generated by org.testng.reporters.JUnitReportReporter -->
<testsuite hostname="HW1374" name="tv.hooq.web.scripts.HOOQ_Web_ActiveUser_BrowseSection" tests="1" failures="0" timestamp="28 Jan 2018 21:07:13 GMT" time="76.697" errors="0">
  <testcase name="HOOQ_Web_ActiveUser_BrowseSection" time="76.697" classname="tv.hooq.web.scripts.HOOQ_Web_ActiveUser_BrowseSection"/>
</testsuite> <!-- tv.hooq.web.scripts.HOOQ_Web_ActiveUser_BrowseSection -->
