<?xml version="1.0" encoding="UTF-8"?>
<!-- Generated by org.testng.reporters.JUnitReportReporter -->
<testsuite hostname="HW1374" name="tv.hooq.web.scripts.HOOQ_Web_ActiveUser_RentPage_TicketsAndItsExpiry" tests="1" failures="0" timestamp="29 Jan 2018 00:00:48 GMT" time="95.221" errors="0">
  <testcase name="HOOQ_Web_ActiveUser_RentPage_TicketsAndItsExpiry" time="95.221" classname="tv.hooq.web.scripts.HOOQ_Web_ActiveUser_RentPage_TicketsAndItsExpiry"/>
</testsuite> <!-- tv.hooq.web.scripts.HOOQ_Web_ActiveUser_RentPage_TicketsAndItsExpiry -->
