<?xml version="1.0" encoding="UTF-8"?>
<!-- Generated by org.testng.reporters.JUnitReportReporter -->
<testsuite hostname="HW1374" name="tv.hooq.web.scripts.HOOQ_Web_LapsedUser_TransactionHistorySection" tests="1" failures="0" timestamp="28 Jan 2018 12:11:15 GMT" time="95.464" errors="0">
  <testcase name="HOOQ_Web_LapsedUser_TransactionHistorySection" time="95.464" classname="tv.hooq.web.scripts.HOOQ_Web_LapsedUser_TransactionHistorySection"/>
</testsuite> <!-- tv.hooq.web.scripts.HOOQ_Web_LapsedUser_TransactionHistorySection -->
