<?xml version="1.0" encoding="UTF-8"?>
<!-- Generated by org.testng.reporters.JUnitReportReporter -->
<testsuite hostname="HW1374" name="tv.hooq.web.scripts.HOOQ_Web_LapsedUser_PlayFavouriteTVShows" tests="1" failures="1" timestamp="28 Jan 2018 09:40:22 GMT" time="276.236" errors="0">
  <testcase name="HOOQ_Web_LapsedUser_PlayFavouriteTVShows" time="276.236" classname="tv.hooq.web.scripts.HOOQ_Web_LapsedUser_PlayFavouriteTVShows">
    <failure type="java.lang.AssertionError" message="Unable find the element Video Area expected [true] but found [false]">
      <![CDATA[java.lang.AssertionError: Unable find the element Video Area expected [true] but found [false]
	at org.testng.Assert.fail(Assert.java:94)
	at org.testng.Assert.failNotEquals(Assert.java:513)
	at org.testng.Assert.assertTrue(Assert.java:42)
	at com.web.automation.accelerators.ActionsLibrary.mouseover(ActionsLibrary.java:6705)
	at tv.hooq.web.workflows.HOOQWorkflows.verifyPlaybackSettingDetails(HOOQWorkflows.java:8285)
	at tv.hooq.web.workflows.HOOQWorkflows.fnVerifyPlayerSettingsDetails(HOOQWorkflows.java:2402)
	at tv.hooq.web.workflows.HOOQWorkflows.fnVerifyFavoritePlay(HOOQWorkflows.java:1882)
	at tv.hooq.web.scripts.HOOQ_Web_LapsedUser_PlayFavouriteTVShows.HOOQ_Web_LapsedUser_PlayFavouriteTVShows(HOOQ_Web_LapsedUser_PlayFavouriteTVShows.java:67)
	at sun.reflect.NativeMethodAccessorImpl.invoke0(Native Method)
	at sun.reflect.NativeMethodAccessorImpl.invoke(Unknown Source)
	at sun.reflect.DelegatingMethodAccessorImpl.invoke(Unknown Source)
	at java.lang.reflect.Method.invoke(Unknown Source)
	at org.testng.internal.MethodInvocationHelper.invokeMethod(MethodInvocationHelper.java:86)
	at org.testng.internal.Invoker.invokeMethod(Invoker.java:643)
	at org.testng.internal.Invoker.invokeTestMethod(Invoker.java:820)
	at org.testng.internal.Invoker.invokeTestMethods(Invoker.java:1128)
	at org.testng.internal.TestMethodWorker.invokeTestMethods(TestMethodWorker.java:129)
	at org.testng.internal.TestMethodWorker.run(TestMethodWorker.java:112)
	at org.testng.TestRunner.privateRun(TestRunner.java:782)
	at org.testng.TestRunner.run(TestRunner.java:632)
	at org.testng.SuiteRunner.runTest(SuiteRunner.java:366)
	at org.testng.SuiteRunner.runSequentially(SuiteRunner.java:361)
	at org.testng.SuiteRunner.privateRun(SuiteRunner.java:319)
	at org.testng.SuiteRunner.run(SuiteRunner.java:268)
	at org.testng.SuiteRunnerWorker.runSuite(SuiteRunnerWorker.java:52)
	at org.testng.SuiteRunnerWorker.run(SuiteRunnerWorker.java:86)
	at org.testng.TestNG.runSuitesSequentially(TestNG.java:1244)
	at org.testng.TestNG.runSuitesLocally(TestNG.java:1169)
	at org.testng.TestNG.run(TestNG.java:1064)
	at org.apache.maven.surefire.testng.TestNGExecutor.run(TestNGExecutor.java:283)
	at org.apache.maven.surefire.testng.TestNGXmlTestSuite.execute(TestNGXmlTestSuite.java:75)
	at org.apache.maven.surefire.testng.TestNGProvider.invoke(TestNGProvider.java:120)
	at org.apache.maven.surefire.booter.ForkedBooter.invokeProviderInSameClassLoader(ForkedBooter.java:386)
	at org.apache.maven.surefire.booter.ForkedBooter.runSuitesInProcess(ForkedBooter.java:323)
	at org.apache.maven.surefire.booter.ForkedBooter.main(ForkedBooter.java:143)
]]>
    </failure>
  </testcase> <!-- HOOQ_Web_LapsedUser_PlayFavouriteTVShows -->
</testsuite> <!-- tv.hooq.web.scripts.HOOQ_Web_LapsedUser_PlayFavouriteTVShows -->
