<?xml version="1.0" encoding="UTF-8"?>
<!-- Generated by org.testng.reporters.JUnitReportReporter -->
<testsuite hostname="HW1374" name="tv.hooq.web.scripts.HOOQ_Web_ActiveUser_YouWereWatching_TVODContent" tests="1" failures="0" timestamp="29 Jan 2018 03:03:58 GMT" time="196.994" errors="0">
  <testcase name="HOOQ_Web_ActiveUser_YouWereWatching_TVODContent" time="196.994" classname="tv.hooq.web.scripts.HOOQ_Web_ActiveUser_YouWereWatching_TVODContent"/>
</testsuite> <!-- tv.hooq.web.scripts.HOOQ_Web_ActiveUser_YouWereWatching_TVODContent -->
