<?xml version="1.0" encoding="UTF-8"?>
<!-- Generated by org.testng.reporters.JUnitReportReporter -->
<testsuite hostname="HW1374" name="tv.hooq.web.scripts.HOOQ_Web_ActiveUser_WatchLaterSection" tests="1" failures="0" timestamp="29 Jan 2018 02:50:20 GMT" time="242.187" errors="0">
  <testcase name="HOOQ_Web_ActiveUser_WatchLaterSection" time="242.187" classname="tv.hooq.web.scripts.HOOQ_Web_ActiveUser_WatchLaterSection"/>
</testsuite> <!-- tv.hooq.web.scripts.HOOQ_Web_ActiveUser_WatchLaterSection -->
