<?xml version="1.0" encoding="UTF-8"?>
<!-- Generated by org.testng.reporters.JUnitReportReporter -->
<testsuite hostname="HW1374" name="tv.hooq.web.scripts.HOOQ_Web_ActiveUser_PurchaseTVODFromRentPage" tests="1" failures="0" timestamp="28 Jan 2018 23:48:43 GMT" time="261.636" errors="0">
  <testcase name="HOOQ_Web_ActiveUser_PurchaseTVODFromRentPage" time="261.636" classname="tv.hooq.web.scripts.HOOQ_Web_ActiveUser_PurchaseTVODFromRentPage"/>
</testsuite> <!-- tv.hooq.web.scripts.HOOQ_Web_ActiveUser_PurchaseTVODFromRentPage -->
