<?xml version="1.0" encoding="UTF-8"?>
<!-- Generated by org.testng.reporters.JUnitReportReporter -->
<testsuite hostname="HW1374" name="tv.hooq.web.scripts.HOOQ_Web_LapsedUser_DeletingFavouriteMoviesFromDiscoverPage" tests="1" failures="0" timestamp="28 Jan 2018 08:45:39 GMT" time="155.840" errors="0">
  <testcase name="HOOQ_Web_LapsedUser_DeletingFavouriteMoviesFromDiscoverPage" time="155.840" classname="tv.hooq.web.scripts.HOOQ_Web_LapsedUser_DeletingFavouriteMoviesFromDiscoverPage"/>
</testsuite> <!-- tv.hooq.web.scripts.HOOQ_Web_LapsedUser_DeletingFavouriteMoviesFromDiscoverPage -->
