<?xml version="1.0" encoding="UTF-8"?>
<!-- Generated by org.testng.reporters.JUnitReportReporter -->
<testsuite hostname="HW1374" name="tv.hooq.web.scripts.HOOQ_Web_FreeUser_HistorySection" tests="1" failures="0" timestamp="29 Jan 2018 04:48:12 GMT" time="451.931" errors="0">
  <testcase name="HOOQ_Web_FreeUser_HistorySection" time="451.931" classname="tv.hooq.web.scripts.HOOQ_Web_FreeUser_HistorySection"/>
</testsuite> <!-- tv.hooq.web.scripts.HOOQ_Web_FreeUser_HistorySection -->
