<?xml version="1.0" encoding="UTF-8"?>
<!-- Generated by org.testng.reporters.JUnitReportReporter -->
<testsuite hostname="HW1374" name="tv.hooq.web.scripts.HOOQ_Web_ActiveUser_ContentResumeTime" tests="1" failures="0" timestamp="28 Jan 2018 21:11:17 GMT" time="172.587" errors="0">
  <testcase name="HOOQ_Web_ActiveUser_ContentResumeTime" time="172.587" classname="tv.hooq.web.scripts.HOOQ_Web_ActiveUser_ContentResumeTime"/>
</testsuite> <!-- tv.hooq.web.scripts.HOOQ_Web_ActiveUser_ContentResumeTime -->
