<?xml version="1.0" encoding="UTF-8"?>
<!-- Generated by org.testng.reporters.JUnitReportReporter -->
<testsuite hostname="HW1374" name="tv.hooq.web.scripts.HOOQ_Web_ActiveUser_BrowseCollection_FavoriteWatchlater_Play" tests="1" failures="0" timestamp="28 Jan 2018 20:20:09 GMT" time="109.787" errors="0">
  <testcase name="HOOQ_Web_ActiveUser_BrowseCollection_FavoriteWatchlater_Play" time="109.787" classname="tv.hooq.web.scripts.HOOQ_Web_ActiveUser_BrowseCollection_FavoriteWatchlater_Play"/>
</testsuite> <!-- tv.hooq.web.scripts.HOOQ_Web_ActiveUser_BrowseCollection_FavoriteWatchlater_Play -->
