<?xml version="1.0" encoding="UTF-8"?>
<!-- Generated by org.testng.reporters.JUnitReportReporter -->
<testsuite hostname="HW1374" name="tv.hooq.web.scripts.HOOQ_Web_LapsedUser_SettingsAppDisplayEnglish" tests="1" failures="0" timestamp="28 Jan 2018 11:21:17 GMT" time="124.236" errors="0">
  <testcase name="HOOQ_Web_LapsedUser_SettingsAppDisplayEnglish" time="124.236" classname="tv.hooq.web.scripts.HOOQ_Web_LapsedUser_SettingsAppDisplayEnglish"/>
</testsuite> <!-- tv.hooq.web.scripts.HOOQ_Web_LapsedUser_SettingsAppDisplayEnglish -->
