<?xml version="1.0" encoding="UTF-8"?>
<!-- Generated by org.testng.reporters.JUnitReportReporter -->
<testsuite hostname="HW1374" name="tv.hooq.web.scripts.HOOQ_Web_ActiveUser_BrowseFilter_Type_Reset" tests="1" failures="0" timestamp="28 Jan 2018 20:51:31 GMT" time="383.014" errors="0">
  <testcase name="HOOQ_Web_ActiveUser_BrowseFilter_Type_Reset" time="383.014" classname="tv.hooq.web.scripts.HOOQ_Web_ActiveUser_BrowseFilter_Type_Reset"/>
</testsuite> <!-- tv.hooq.web.scripts.HOOQ_Web_ActiveUser_BrowseFilter_Type_Reset -->
