<?xml version="1.0" encoding="UTF-8"?>
<!-- Generated by org.testng.reporters.JUnitReportReporter -->
<testsuite hostname="HW1374" name="tv.hooq.web.scripts.HOOQ_Web_ActiveUser_PlayFavouriteMovies" tests="1" failures="0" timestamp="28 Jan 2018 22:07:10 GMT" time="226.042" errors="0">
  <testcase name="HOOQ_Web_ActiveUser_PlayFavouriteMovies" time="226.042" classname="tv.hooq.web.scripts.HOOQ_Web_ActiveUser_PlayFavouriteMovies"/>
</testsuite> <!-- tv.hooq.web.scripts.HOOQ_Web_ActiveUser_PlayFavouriteMovies -->
