<?xml version="1.0" encoding="UTF-8"?>
<!-- Generated by org.testng.reporters.JUnitReportReporter -->
<testsuite hostname="HW1374" name="tv.hooq.web.scripts.HOOQ_Web_LapsedUser_AddingFavouritePremiumContent" tests="1" failures="0" timestamp="29 Jan 2018 08:28:10 GMT" time="194.098" errors="0">
  <testcase name="HOOQ_Web_LapsedUser_AddingFavouritePremiumContent" time="194.098" classname="tv.hooq.web.scripts.HOOQ_Web_LapsedUser_AddingFavouritePremiumContent"/>
</testsuite> <!-- tv.hooq.web.scripts.HOOQ_Web_LapsedUser_AddingFavouritePremiumContent -->
