<?xml version="1.0" encoding="UTF-8"?>
<!-- Generated by org.testng.reporters.JUnitReportReporter -->
<testsuite hostname="HW1374" name="tv.hooq.web.scripts.HOOQ_Web_ActiveUser_VerifyTVShowContentDetailsPage" tests="1" failures="0" timestamp="29 Jan 2018 02:45:10 GMT" time="103.474" errors="0">
  <testcase name="HOOQ_Web_ActiveUser_VerifyTVShowContentDetailsPage" time="103.474" classname="tv.hooq.web.scripts.HOOQ_Web_ActiveUser_VerifyTVShowContentDetailsPage"/>
</testsuite> <!-- tv.hooq.web.scripts.HOOQ_Web_ActiveUser_VerifyTVShowContentDetailsPage -->
