<?xml version="1.0" encoding="UTF-8"?>
<!-- Generated by org.testng.reporters.JUnitReportReporter -->
<testsuite hostname="HW1374" name="tv.hooq.web.scripts.HOOQ_Web_ActiveUser_Search" tests="1" failures="0" timestamp="29 Jan 2018 00:19:36 GMT" time="96.075" errors="0">
  <testcase name="HOOQ_Web_ActiveUser_Search" time="96.075" classname="tv.hooq.web.scripts.HOOQ_Web_ActiveUser_Search"/>
</testsuite> <!-- tv.hooq.web.scripts.HOOQ_Web_ActiveUser_Search -->
