<?xml version="1.0" encoding="UTF-8"?>
<!-- Generated by org.testng.reporters.JUnitReportReporter -->
<testsuite hostname="HW1374" name="tv.hooq.web.scripts.HOOQ_Web_FreeUser_DeletingWatchLaterMoviesFromDiscoverPage" tests="1" failures="0" timestamp="29 Jan 2018 04:18:14 GMT" time="77.392" errors="0">
  <testcase name="HOOQ_Web_FreeUser_DeletingWatchLaterMoviesFromDiscoverPage" time="77.392" classname="tv.hooq.web.scripts.HOOQ_Web_FreeUser_DeletingWatchLaterMoviesFromDiscoverPage"/>
</testsuite> <!-- tv.hooq.web.scripts.HOOQ_Web_FreeUser_DeletingWatchLaterMoviesFromDiscoverPage -->
