<?xml version="1.0" encoding="UTF-8"?>
<!-- Generated by org.testng.reporters.JUnitReportReporter -->
<testsuite hostname="HW1374" name="tv.hooq.web.scripts.HOOQ_Web_Verify_SignUp_Mobile_Invalid_Mobile_LessThan_Eight_Digits" tests="1" failures="0" timestamp="28 Jan 2018 14:15:10 GMT" time="66.262" errors="0">
  <testcase name="HOOQ_Web_Verify_SignUp_Mobile_Invalid_Mobile_LessThan_Eight_Digits" time="66.262" classname="tv.hooq.web.scripts.HOOQ_Web_Verify_SignUp_Mobile_Invalid_Mobile_LessThan_Eight_Digits"/>
</testsuite> <!-- tv.hooq.web.scripts.HOOQ_Web_Verify_SignUp_Mobile_Invalid_Mobile_LessThan_Eight_Digits -->
