<?xml version="1.0" encoding="UTF-8"?>
<!-- Generated by org.testng.reporters.JUnitReportReporter -->
<testsuite hostname="HW1374" name="tv.hooq.web.scripts.HOOQ_Web_ActiveUser_PlayPrevEpisodeFromBeginning" tests="1" failures="0" timestamp="28 Jan 2018 22:52:39 GMT" time="255.386" errors="0">
  <testcase name="HOOQ_Web_ActiveUser_PlayPrevEpisodeFromBeginning" time="255.386" classname="tv.hooq.web.scripts.HOOQ_Web_ActiveUser_PlayPrevEpisodeFromBeginning"/>
</testsuite> <!-- tv.hooq.web.scripts.HOOQ_Web_ActiveUser_PlayPrevEpisodeFromBeginning -->
