<?xml version="1.0" encoding="UTF-8"?>
<!-- Generated by org.testng.reporters.JUnitReportReporter -->
<testsuite hostname="HW1374" name="tv.hooq.web.scripts.HOOQ_Web_FreeUser_AddingFavouritePremiumContent" tests="1" failures="0" timestamp="29 Jan 2018 03:15:10 GMT" time="201.064" errors="0">
  <testcase name="HOOQ_Web_FreeUser_AddingFavouritePremiumContent" time="201.064" classname="tv.hooq.web.scripts.HOOQ_Web_FreeUser_AddingFavouritePremiumContent"/>
</testsuite> <!-- tv.hooq.web.scripts.HOOQ_Web_FreeUser_AddingFavouritePremiumContent -->
