<?xml version="1.0" encoding="UTF-8"?>
<!-- Generated by org.testng.reporters.JUnitReportReporter -->
<testsuite hostname="HW1374" name="tv.hooq.web.scripts.HOOQ_Web_Verify_Login_Active_User" tests="1" failures="0" timestamp="28 Jan 2018 12:35:42 GMT" time="80.638" errors="0">
  <testcase name="HOOQ_Web_Verify_Login_Active_User" time="80.638" classname="tv.hooq.web.scripts.HOOQ_Web_Verify_Login_Active_User"/>
</testsuite> <!-- tv.hooq.web.scripts.HOOQ_Web_Verify_Login_Active_User -->
