<?xml version="1.0" encoding="UTF-8"?>
<!-- Generated by org.testng.reporters.JUnitReportReporter -->
<testsuite hostname="HW1374" name="tv.hooq.web.scripts.HOOQ_Web_LapsedUser_SupportSection" tests="1" failures="0" timestamp="28 Jan 2018 12:08:31 GMT" time="217.809" errors="0">
  <testcase name="HOOQ_Web_LapsedUser_SupportSection" time="217.809" classname="tv.hooq.web.scripts.HOOQ_Web_LapsedUser_SupportSection"/>
</testsuite> <!-- tv.hooq.web.scripts.HOOQ_Web_LapsedUser_SupportSection -->
