<?xml version="1.0" encoding="UTF-8"?>
<!-- Generated by org.testng.reporters.JUnitReportReporter -->
<testsuite hostname="HW1374" name="tv.hooq.web.scripts.HOOQ_Web_LapsedUser_AddingFavouriteTVODContent" tests="1" failures="0" timestamp="29 Jan 2018 08:36:29 GMT" time="199.507" errors="0">
  <testcase name="HOOQ_Web_LapsedUser_AddingFavouriteTVODContent" time="199.507" classname="tv.hooq.web.scripts.HOOQ_Web_LapsedUser_AddingFavouriteTVODContent"/>
</testsuite> <!-- tv.hooq.web.scripts.HOOQ_Web_LapsedUser_AddingFavouriteTVODContent -->
