<?xml version="1.0" encoding="UTF-8"?>
<!-- Generated by org.testng.reporters.JUnitReportReporter -->
<testsuite hostname="HW1374" name="tv.hooq.web.scripts.HOOQ_Web_Verify_Login_Lapsed_User" tests="1" failures="0" timestamp="28 Jan 2018 12:55:19 GMT" time="69.421" errors="0">
  <testcase name="HOOQ_Web_Verify_Login_Lapsed_User" time="69.421" classname="tv.hooq.web.scripts.HOOQ_Web_Verify_Login_Lapsed_User"/>
</testsuite> <!-- tv.hooq.web.scripts.HOOQ_Web_Verify_Login_Lapsed_User -->
