<?xml version="1.0" encoding="UTF-8"?>
<!-- Generated by org.testng.reporters.JUnitReportReporter -->
<testsuite hostname="HW1374" name="tv.hooq.web.scripts.HOOQ_Web_ActiveUser_BrowseFilter" tests="1" failures="0" timestamp="28 Jan 2018 21:00:35 GMT" time="472.645" errors="0">
  <testcase name="HOOQ_Web_ActiveUser_BrowseFilter" time="472.645" classname="tv.hooq.web.scripts.HOOQ_Web_ActiveUser_BrowseFilter"/>
</testsuite> <!-- tv.hooq.web.scripts.HOOQ_Web_ActiveUser_BrowseFilter -->
