<?xml version="1.0" encoding="UTF-8"?>
<!-- Generated by org.testng.reporters.JUnitReportReporter -->
<testsuite hostname="HW1374" name="tv.hooq.web.scripts.HOOQ_Web_LapsedUser_RentPage_TicketsAndItsExpiry" tests="1" failures="0" timestamp="28 Jan 2018 10:37:31 GMT" time="95.723" errors="0">
  <testcase name="HOOQ_Web_LapsedUser_RentPage_TicketsAndItsExpiry" time="95.723" classname="tv.hooq.web.scripts.HOOQ_Web_LapsedUser_RentPage_TicketsAndItsExpiry"/>
</testsuite> <!-- tv.hooq.web.scripts.HOOQ_Web_LapsedUser_RentPage_TicketsAndItsExpiry -->
