<?xml version="1.0" encoding="UTF-8"?>
<!-- Generated by org.testng.reporters.JUnitReportReporter -->
<testsuite hostname="HW1374" name="tv.hooq.web.scripts.HOOQ_Web_FreeUser_ManageSubscription" tests="1" failures="0" timestamp="29 Jan 2018 04:51:00 GMT" time="99.587" errors="0">
  <testcase name="HOOQ_Web_FreeUser_ManageSubscription" time="99.587" classname="tv.hooq.web.scripts.HOOQ_Web_FreeUser_ManageSubscription"/>
</testsuite> <!-- tv.hooq.web.scripts.HOOQ_Web_FreeUser_ManageSubscription -->
