<?xml version="1.0" encoding="UTF-8"?>
<!-- Generated by org.testng.reporters.JUnitReportReporter -->
<testsuite hostname="HW1374" name="tv.hooq.web.scripts.HOOQ_Web_LapsedUser_AddingWatchLaterTVODContent" tests="1" failures="0" timestamp="29 Jan 2018 08:55:14 GMT" time="222.336" errors="0">
  <testcase name="HOOQ_Web_LapsedUser_AddingWatchLaterTVODContent" time="222.336" classname="tv.hooq.web.scripts.HOOQ_Web_LapsedUser_AddingWatchLaterTVODContent"/>
</testsuite> <!-- tv.hooq.web.scripts.HOOQ_Web_LapsedUser_AddingWatchLaterTVODContent -->
