<?xml version="1.0" encoding="UTF-8"?>
<!-- Generated by org.testng.reporters.JUnitReportReporter -->
<testsuite hostname="HW1374" name="tv.hooq.web.scripts.HOOQ_Web_FreeUser_DeletingFavouriteMoviesFromDiscoverPage" tests="1" failures="0" timestamp="29 Jan 2018 04:15:50 GMT" time="158.556" errors="0">
  <testcase name="HOOQ_Web_FreeUser_DeletingFavouriteMoviesFromDiscoverPage" time="158.556" classname="tv.hooq.web.scripts.HOOQ_Web_FreeUser_DeletingFavouriteMoviesFromDiscoverPage"/>
</testsuite> <!-- tv.hooq.web.scripts.HOOQ_Web_FreeUser_DeletingFavouriteMoviesFromDiscoverPage -->
