<?xml version="1.0" encoding="UTF-8"?>
<!-- Generated by org.testng.reporters.JUnitReportReporter -->
<testsuite hostname="HW1374" name="tv.hooq.web.scripts.HOOQ_Web_ActiveUser_DeletingFavouriteMoviesFromDiscoverPage" tests="1" failures="0" timestamp="28 Jan 2018 21:20:39 GMT" time="178.068" errors="0">
  <testcase name="HOOQ_Web_ActiveUser_DeletingFavouriteMoviesFromDiscoverPage" time="178.068" classname="tv.hooq.web.scripts.HOOQ_Web_ActiveUser_DeletingFavouriteMoviesFromDiscoverPage"/>
</testsuite> <!-- tv.hooq.web.scripts.HOOQ_Web_ActiveUser_DeletingFavouriteMoviesFromDiscoverPage -->
