<?xml version="1.0" encoding="UTF-8"?>
<!-- Generated by org.testng.reporters.JUnitReportReporter -->
<testsuite hostname="HW1374" name="tv.hooq.web.scripts.HOOQ_Web_FreeUser_DiscoverSection" tests="1" failures="0" timestamp="29 Jan 2018 04:34:41 GMT" time="920.510" errors="0">
  <testcase name="HOOQ_Web_FreeUser_DiscoverSection" time="920.510" classname="tv.hooq.web.scripts.HOOQ_Web_FreeUser_DiscoverSection"/>
</testsuite> <!-- tv.hooq.web.scripts.HOOQ_Web_FreeUser_DiscoverSection -->
