<?xml version="1.0" encoding="UTF-8"?>
<!-- Generated by org.testng.reporters.JUnitReportReporter -->
<testsuite hostname="HW1374" name="tv.hooq.web.scripts.HOOQ_Web_ActiveUser_OthersAlsoWatchedSection" tests="1" failures="0" timestamp="28 Jan 2018 22:02:15 GMT" time="133.266" errors="0">
  <testcase name="HOOQ_Web_ActiveUser_OthersAlsoWatchedSection" time="133.266" classname="tv.hooq.web.scripts.HOOQ_Web_ActiveUser_OthersAlsoWatchedSection"/>
</testsuite> <!-- tv.hooq.web.scripts.HOOQ_Web_ActiveUser_OthersAlsoWatchedSection -->
