<?xml version="1.0" encoding="UTF-8"?>
<!-- Generated by org.testng.reporters.JUnitReportReporter -->
<testsuite hostname="HW1374" name="tv.hooq.web.scripts.HOOQ_Web_LapsedUser_PurchaseTVODContentWithTicket" tests="1" failures="0" timestamp="28 Jan 2018 10:21:03 GMT" time="163.575" errors="0">
  <testcase name="HOOQ_Web_LapsedUser_PurchaseTVODContentWithTicket" time="163.575" classname="tv.hooq.web.scripts.HOOQ_Web_LapsedUser_PurchaseTVODContentWithTicket"/>
</testsuite> <!-- tv.hooq.web.scripts.HOOQ_Web_LapsedUser_PurchaseTVODContentWithTicket -->
