<?xml version="1.0" encoding="UTF-8"?>
<!-- Generated by org.testng.reporters.JUnitReportReporter -->
<testsuite hostname="HW1374" name="tv.hooq.web.scripts.HOOQ_Web_FreeUser_AddingFavouriteTVODContent_WatchNowSection" tests="1" failures="0" timestamp="29 Jan 2018 03:18:35 GMT" time="137.061" errors="0">
  <testcase name="HOOQ_Web_FreeUser_AddingFavouriteTVODContent_WatchNowSection" time="137.061" classname="tv.hooq.web.scripts.HOOQ_Web_FreeUser_AddingFavouriteTVODContent_WatchNowSection"/>
</testsuite> <!-- tv.hooq.web.scripts.HOOQ_Web_FreeUser_AddingFavouriteTVODContent_WatchNowSection -->
