<?xml version="1.0" encoding="UTF-8"?>
<!-- Generated by org.testng.reporters.JUnitReportReporter -->
<testsuite hostname="HW1374" name="tv.hooq.web.scripts.HOOQ_Web_FreeUser_PlayFavouriteMovies" tests="1" failures="0" timestamp="29 Jan 2018 04:59:50 GMT" time="217.751" errors="0">
  <testcase name="HOOQ_Web_FreeUser_PlayFavouriteMovies" time="217.751" classname="tv.hooq.web.scripts.HOOQ_Web_FreeUser_PlayFavouriteMovies"/>
</testsuite> <!-- tv.hooq.web.scripts.HOOQ_Web_FreeUser_PlayFavouriteMovies -->
