<?xml version="1.0" encoding="UTF-8"?>
<!-- Generated by org.testng.reporters.JUnitReportReporter -->
<testsuite hostname="HW1374" name="tv.hooq.web.scripts.HOOQ_Web_FreeUser_RentalsSection" tests="1" failures="0" timestamp="29 Jan 2018 06:10:14 GMT" time="376.006" errors="0">
  <testcase name="HOOQ_Web_FreeUser_RentalsSection" time="376.006" classname="tv.hooq.web.scripts.HOOQ_Web_FreeUser_RentalsSection"/>
</testsuite> <!-- tv.hooq.web.scripts.HOOQ_Web_FreeUser_RentalsSection -->
