<?xml version="1.0" encoding="UTF-8"?>
<!-- Generated by org.testng.reporters.JUnitReportReporter -->
<testsuite hostname="HW1374" name="tv.hooq.web.scripts.HOOQ_Web_FreeUser_AddingWatchLaterTVODContent" tests="1" failures="0" timestamp="29 Jan 2018 03:46:58 GMT" time="218.671" errors="0">
  <testcase name="HOOQ_Web_FreeUser_AddingWatchLaterTVODContent" time="218.671" classname="tv.hooq.web.scripts.HOOQ_Web_FreeUser_AddingWatchLaterTVODContent"/>
</testsuite> <!-- tv.hooq.web.scripts.HOOQ_Web_FreeUser_AddingWatchLaterTVODContent -->
