<?xml version="1.0" encoding="UTF-8"?>
<!-- Generated by org.testng.reporters.JUnitReportReporter -->
<testsuite hostname="HW1374" name="tv.hooq.web.scripts.HOOQ_Web_Verify_SignUp_TermsAndConditionsOfUse" tests="1" failures="0" timestamp="28 Jan 2018 14:55:12 GMT" time="53.937" errors="0">
  <testcase name="HOOQ_Web_Verify_SignUp_TermsAndConditionsOfUse" time="53.937" classname="tv.hooq.web.scripts.HOOQ_Web_Verify_SignUp_TermsAndConditionsOfUse"/>
</testsuite> <!-- tv.hooq.web.scripts.HOOQ_Web_Verify_SignUp_TermsAndConditionsOfUse -->
