<?xml version="1.0" encoding="UTF-8"?>
<!-- Generated by org.testng.reporters.JUnitReportReporter -->
<testsuite hostname="HW1374" name="tv.hooq.web.scripts.HOOQ_Web_FreeUser_Subscription_NetBanking" tests="1" failures="0" timestamp="29 Jan 2018 07:50:16 GMT" time="85.783" errors="0">
  <testcase name="HOOQ_Web_FreeUser_Subscription_NetBanking" time="85.783" classname="tv.hooq.web.scripts.HOOQ_Web_FreeUser_Subscription_NetBanking"/>
</testsuite> <!-- tv.hooq.web.scripts.HOOQ_Web_FreeUser_Subscription_NetBanking -->
