<?xml version="1.0" encoding="UTF-8"?>
<!-- Generated by org.testng.reporters.JUnitReportReporter -->
<testsuite hostname="HW1374" name="tv.hooq.web.scripts.HOOQ_Web_ActiveUser_SearchSuggestionList" tests="1" failures="0" timestamp="29 Jan 2018 00:22:07 GMT" time="80.875" errors="0">
  <testcase name="HOOQ_Web_ActiveUser_SearchSuggestionList" time="80.875" classname="tv.hooq.web.scripts.HOOQ_Web_ActiveUser_SearchSuggestionList"/>
</testsuite> <!-- tv.hooq.web.scripts.HOOQ_Web_ActiveUser_SearchSuggestionList -->
