<?xml version="1.0" encoding="UTF-8"?>
<!-- Generated by org.testng.reporters.JUnitReportReporter -->
<testsuite hostname="HW1374" name="tv.hooq.web.scripts.HOOQ_Web_ActiveUser_AutoPlayNextEpisode" tests="1" failures="0" timestamp="28 Jan 2018 20:16:51 GMT" time="211.452" errors="0">
  <testcase name="HOOQ_Web_ActiveUser_AutoPlayNextEpisode" time="211.452" classname="tv.hooq.web.scripts.HOOQ_Web_ActiveUser_AutoPlayNextEpisode"/>
</testsuite> <!-- tv.hooq.web.scripts.HOOQ_Web_ActiveUser_AutoPlayNextEpisode -->
