<?xml version="1.0" encoding="UTF-8"?>
<!-- Generated by org.testng.reporters.JUnitReportReporter -->
<testsuite hostname="HW1374" name="tv.hooq.web.scripts.HOOQ_Web_ActiveUser_PlayWatchLaterMovies" tests="1" failures="0" timestamp="28 Jan 2018 23:05:34 GMT" time="275.743" errors="0">
  <testcase name="HOOQ_Web_ActiveUser_PlayWatchLaterMovies" time="275.743" classname="tv.hooq.web.scripts.HOOQ_Web_ActiveUser_PlayWatchLaterMovies"/>
</testsuite> <!-- tv.hooq.web.scripts.HOOQ_Web_ActiveUser_PlayWatchLaterMovies -->
