<?xml version="1.0" encoding="UTF-8"?>
<!-- Generated by org.testng.reporters.JUnitReportReporter -->
<testsuite hostname="HW1374" name="tv.hooq.web.scripts.HOOQ_Web_Verify_SignUp_Mobile_Special_Characters" tests="1" failures="0" timestamp="28 Jan 2018 14:30:52 GMT" time="56.828" errors="0">
  <testcase name="HOOQ_Web_Verify_SignUp_Mobile_Special_Characters" time="56.828" classname="tv.hooq.web.scripts.HOOQ_Web_Verify_SignUp_Mobile_Special_Characters"/>
</testsuite> <!-- tv.hooq.web.scripts.HOOQ_Web_Verify_SignUp_Mobile_Special_Characters -->
