<?xml version="1.0" encoding="UTF-8"?>
<!-- Generated by org.testng.reporters.JUnitReportReporter -->
<testsuite hostname="HW1374" name="tv.hooq.web.scripts.HOOQ_Web_FreeUser_SettingsAppDisplayEnglish" tests="1" failures="0" timestamp="29 Jan 2018 07:14:21 GMT" time="120.773" errors="0">
  <testcase name="HOOQ_Web_FreeUser_SettingsAppDisplayEnglish" time="120.773" classname="tv.hooq.web.scripts.HOOQ_Web_FreeUser_SettingsAppDisplayEnglish"/>
</testsuite> <!-- tv.hooq.web.scripts.HOOQ_Web_FreeUser_SettingsAppDisplayEnglish -->
