<?xml version="1.0" encoding="UTF-8"?>
<!-- Generated by org.testng.reporters.JUnitReportReporter -->
<testsuite hostname="HW1374" name="tv.hooq.web.scripts.HOOQ_Web_ActiveUser_AddingFavouriteTVShows" tests="1" failures="0" timestamp="28 Jan 2018 19:52:01 GMT" time="198.409" errors="0">
  <testcase name="HOOQ_Web_ActiveUser_AddingFavouriteTVShows" time="198.409" classname="tv.hooq.web.scripts.HOOQ_Web_ActiveUser_AddingFavouriteTVShows"/>
</testsuite> <!-- tv.hooq.web.scripts.HOOQ_Web_ActiveUser_AddingFavouriteTVShows -->
