<?xml version="1.0" encoding="UTF-8"?>
<!-- Generated by org.testng.reporters.JUnitReportReporter -->
<testsuite hostname="HW1374" name="tv.hooq.web.scripts.HOOQ_Web_Verify_Login_Special_Characters_With_Dot_And_At" tests="1" failures="0" timestamp="28 Jan 2018 13:40:46 GMT" time="41.076" errors="0">
  <testcase name="HOOQ_Web_Verify_Login_Special_Characters_With_Dot_And_At" time="41.076" classname="tv.hooq.web.scripts.HOOQ_Web_Verify_Login_Special_Characters_With_Dot_And_At"/>
</testsuite> <!-- tv.hooq.web.scripts.HOOQ_Web_Verify_Login_Special_Characters_With_Dot_And_At -->
