<?xml version="1.0" encoding="UTF-8"?>
<!-- Generated by org.testng.reporters.JUnitReportReporter -->
<testsuite hostname="HW1374" name="tv.hooq.web.scripts.HOOQ_Web_ActiveUser_PurchaseTVODContentWithTicket" tests="1" failures="0" timestamp="28 Jan 2018 23:38:06 GMT" time="171.202" errors="0">
  <testcase name="HOOQ_Web_ActiveUser_PurchaseTVODContentWithTicket" time="171.202" classname="tv.hooq.web.scripts.HOOQ_Web_ActiveUser_PurchaseTVODContentWithTicket"/>
</testsuite> <!-- tv.hooq.web.scripts.HOOQ_Web_ActiveUser_PurchaseTVODContentWithTicket -->
