<?xml version="1.0" encoding="UTF-8"?>
<!-- Generated by org.testng.reporters.JUnitReportReporter -->
<testsuite hostname="HW1374" name="tv.hooq.web.scripts.HOOQ_Web_LapsedUser_ContinueWatchingSection" tests="1" failures="0" timestamp="28 Jan 2018 08:41:56 GMT" time="129.225" errors="0">
  <testcase name="HOOQ_Web_LapsedUser_ContinueWatchingSection" time="129.225" classname="tv.hooq.web.scripts.HOOQ_Web_LapsedUser_ContinueWatchingSection"/>
</testsuite> <!-- tv.hooq.web.scripts.HOOQ_Web_LapsedUser_ContinueWatchingSection -->
