<?xml version="1.0" encoding="UTF-8"?>
<!-- Generated by org.testng.reporters.JUnitReportReporter -->
<testsuite hostname="HW1374" name="tv.hooq.web.scripts.HOOQ_Web_Verify_SignUp_PrivacyPolicy" tests="1" failures="0" timestamp="28 Jan 2018 14:32:50 GMT" time="55.369" errors="0">
  <testcase name="HOOQ_Web_Verify_SignUp_PrivacyPolicy" time="55.369" classname="tv.hooq.web.scripts.HOOQ_Web_Verify_SignUp_PrivacyPolicy"/>
</testsuite> <!-- tv.hooq.web.scripts.HOOQ_Web_Verify_SignUp_PrivacyPolicy -->
