<?xml version="1.0" encoding="UTF-8"?>
<!-- Generated by org.testng.reporters.JUnitReportReporter -->
<testsuite hostname="HW1374" name="tv.hooq.web.scripts.HOOQ_Web_FreeUser_PlayPremiumContent" tests="1" failures="0" timestamp="29 Jan 2018 05:29:00 GMT" time="110.999" errors="0">
  <testcase name="HOOQ_Web_FreeUser_PlayPremiumContent" time="110.999" classname="tv.hooq.web.scripts.HOOQ_Web_FreeUser_PlayPremiumContent"/>
</testsuite> <!-- tv.hooq.web.scripts.HOOQ_Web_FreeUser_PlayPremiumContent -->
