<?xml version="1.0" encoding="UTF-8"?>
<!-- Generated by org.testng.reporters.JUnitReportReporter -->
<testsuite hostname="HW1374" name="tv.hooq.web.scripts.HOOQ_Web_ActiveUser_SeasonslistComparision" tests="1" failures="0" timestamp="29 Jan 2018 00:25:13 GMT" time="116.877" errors="0">
  <testcase name="HOOQ_Web_ActiveUser_SeasonslistComparision" time="116.877" classname="tv.hooq.web.scripts.HOOQ_Web_ActiveUser_SeasonslistComparision"/>
</testsuite> <!-- tv.hooq.web.scripts.HOOQ_Web_ActiveUser_SeasonslistComparision -->
