<?xml version="1.0" encoding="UTF-8"?>
<!-- Generated by org.testng.reporters.JUnitReportReporter -->
<testsuite hostname="HW1374" name="tv.hooq.web.scripts.HOOQ_Web_ActiveUser_SettingsAppDisplayEnglish" tests="1" failures="0" timestamp="29 Jan 2018 00:57:42 GMT" time="131.767" errors="0">
  <testcase name="HOOQ_Web_ActiveUser_SettingsAppDisplayEnglish" time="131.767" classname="tv.hooq.web.scripts.HOOQ_Web_ActiveUser_SettingsAppDisplayEnglish"/>
</testsuite> <!-- tv.hooq.web.scripts.HOOQ_Web_ActiveUser_SettingsAppDisplayEnglish -->
